running develop
running egg_info
creating f1tenth_strategy_node.egg-info
writing f1tenth_strategy_node.egg-info/PKG-INFO
writing dependency_links to f1tenth_strategy_node.egg-info/dependency_links.txt
writing entry points to f1tenth_strategy_node.egg-info/entry_points.txt
writing requirements to f1tenth_strategy_node.egg-info/requires.txt
writing top-level names to f1tenth_strategy_node.egg-info/top_level.txt
writing manifest file 'f1tenth_strategy_node.egg-info/SOURCES.txt'
reading manifest file 'f1tenth_strategy_node.egg-info/SOURCES.txt'
writing manifest file 'f1tenth_strategy_node.egg-info/SOURCES.txt'
running build_ext
Creating /home/f1tenth/Desktop/project/install/f1tenth_strategy_node/lib/python3.8/site-packages/site.py
Creating /home/f1tenth/Desktop/project/install/f1tenth_strategy_node/lib/python3.8/site-packages/f1tenth-strategy-node.egg-link (link to .)
Installing fsm script to /home/f1tenth/Desktop/project/install/f1tenth_strategy_node/lib/f1tenth_strategy_node
Installing obstacle script to /home/f1tenth/Desktop/project/install/f1tenth_strategy_node/lib/f1tenth_strategy_node
Installing vehicle script to /home/f1tenth/Desktop/project/install/f1tenth_strategy_node/lib/f1tenth_strategy_node

Installed /home/f1tenth/Desktop/project/build/f1tenth_strategy_node
running install_data
creating /home/f1tenth/Desktop/project/install/f1tenth_strategy_node/share/ament_index
creating /home/f1tenth/Desktop/project/install/f1tenth_strategy_node/share/ament_index/resource_index
creating /home/f1tenth/Desktop/project/install/f1tenth_strategy_node/share/ament_index/resource_index/packages
copying resource/f1tenth_strategy_node -> /home/f1tenth/Desktop/project/install/f1tenth_strategy_node/share/ament_index/resource_index/packages
copying package.xml -> /home/f1tenth/Desktop/project/install/f1tenth_strategy_node/share/f1tenth_strategy_node
