[7.073s] Invoking command in '/home/f1tenth/Desktop/project/build/f1tenth_strategy_node': PYTHONPATH=/home/f1tenth/Desktop/project/build/f1tenth_strategy_node/prefix_override:/home/f1tenth/Desktop/project/install/f1tenth_strategy_node/lib/python3.8/site-packages:${PYTHONPATH} /usr/bin/python3 setup.py develop --editable --build-directory /home/f1tenth/Desktop/project/build/f1tenth_strategy_node/build --no-deps install_data
[9.398s] running develop
[10.444s] running egg_info
[10.446s] creating f1tenth_strategy_node.egg-info
[10.449s] writing f1tenth_strategy_node.egg-info/PKG-INFO
[10.454s] writing dependency_links to f1tenth_strategy_node.egg-info/dependency_links.txt
[10.455s] writing entry points to f1tenth_strategy_node.egg-info/entry_points.txt
[10.458s] writing requirements to f1tenth_strategy_node.egg-info/requires.txt
[10.459s] writing top-level names to f1tenth_strategy_node.egg-info/top_level.txt
[10.483s] writing manifest file 'f1tenth_strategy_node.egg-info/SOURCES.txt'
[10.729s] reading manifest file 'f1tenth_strategy_node.egg-info/SOURCES.txt'
[10.735s] writing manifest file 'f1tenth_strategy_node.egg-info/SOURCES.txt'
[11.531s] running build_ext
[11.539s] Creating /home/f1tenth/Desktop/project/install/f1tenth_strategy_node/lib/python3.8/site-packages/site.py
[11.549s] Creating /home/f1tenth/Desktop/project/install/f1tenth_strategy_node/lib/python3.8/site-packages/f1tenth-strategy-node.egg-link (link to .)
[11.557s] Installing fsm script to /home/f1tenth/Desktop/project/install/f1tenth_strategy_node/lib/f1tenth_strategy_node
[11.558s] Installing obstacle script to /home/f1tenth/Desktop/project/install/f1tenth_strategy_node/lib/f1tenth_strategy_node
[11.559s] Installing vehicle script to /home/f1tenth/Desktop/project/install/f1tenth_strategy_node/lib/f1tenth_strategy_node
[11.559s] 
[11.559s] Installed /home/f1tenth/Desktop/project/build/f1tenth_strategy_node
[11.560s] running install_data
[11.560s] creating /home/f1tenth/Desktop/project/install/f1tenth_strategy_node/share/ament_index
[11.561s] creating /home/f1tenth/Desktop/project/install/f1tenth_strategy_node/share/ament_index/resource_index
[11.631s] creating /home/f1tenth/Desktop/project/install/f1tenth_strategy_node/share/ament_index/resource_index/packages
[11.633s] copying resource/f1tenth_strategy_node -> /home/f1tenth/Desktop/project/install/f1tenth_strategy_node/share/ament_index/resource_index/packages
[11.634s] copying package.xml -> /home/f1tenth/Desktop/project/install/f1tenth_strategy_node/share/f1tenth_strategy_node
[11.798s] Invoked command in '/home/f1tenth/Desktop/project/build/f1tenth_strategy_node' returned '0': PYTHONPATH=/home/f1tenth/Desktop/project/build/f1tenth_strategy_node/prefix_override:/home/f1tenth/Desktop/project/install/f1tenth_strategy_node/lib/python3.8/site-packages:${PYTHONPATH} /usr/bin/python3 setup.py develop --editable --build-directory /home/f1tenth/Desktop/project/build/f1tenth_strategy_node/build --no-deps install_data
