-- Found ament_cmake: 0.9.12 (/opt/ros/foxy/share/ament_cmake/cmake)
-- Found PythonInterp: /usr/bin/python3 (found suitable version "3.8.10", minimum required is "3") 
-- Using PYTHON_EXECUTABLE: /usr/bin/python3
-- Found rosidl_default_generators: 1.0.1 (/opt/ros/foxy/share/rosidl_default_generators/cmake)
-- Using all available rosidl_typesupport_c: rosidl_typesupport_fastrtps_c;rosidl_typesupport_introspection_c
-- Found rosidl_adapter: 1.3.1 (/opt/ros/foxy/share/rosidl_adapter/cmake)
-- Using all available rosidl_typesupport_cpp: rosidl_typesupport_fastrtps_cpp;rosidl_typesupport_introspection_cpp
-- Found PythonInterp: /usr/bin/python3 (found version "3.8.10") 
-- Found ament_cmake_ros: 0.9.2 (/opt/ros/foxy/share/ament_cmake_ros/cmake)
-- Using all available rosidl_typesupport_c: rosidl_typesupport_fastrtps_c;rosidl_typesupport_introspection_c
-- Using all available rosidl_typesupport_cpp: rosidl_typesupport_fastrtps_cpp;rosidl_typesupport_introspection_cpp
-- Found PythonInterp: /usr/bin/python3 (found suitable version "3.8.10", minimum required is "3.5") 
-- Found python_cmake_module: 0.8.1 (/opt/ros/foxy/share/python_cmake_module/cmake)
-- Found PythonLibs: /usr/lib/x86_64-linux-gnu/libpython3.8.so (found suitable version "3.8.10", minimum required is "3.5") 
-- Using PYTHON_EXECUTABLE: /usr/bin/python3
-- Using PYTHON_INCLUDE_DIRS: /usr/include/python3.8
-- Using PYTHON_LIBRARIES: /usr/lib/x86_64-linux-gnu/libpython3.8.so
-- Found PythonExtra: .so  
-- Found ament_lint_auto: 0.9.8 (/opt/ros/foxy/share/ament_lint_auto/cmake)
-- Added test 'copyright' to check source files copyright and LICENSE
-- Added test 'cppcheck' to perform static code analysis on C / C++ code
-- Configured cppcheck include dirs: $<BUILD_INTERFACE:/home/giulia/Desktop/project/src/tutorial_interfaces/build/tutorial_interfaces/rosidl_generator_c>;/home/giulia/Desktop/project/src/tutorial_interfaces/build/tutorial_interfaces/rosidl_generator_c;/home/giulia/Desktop/project/src/tutorial_interfaces/build/tutorial_interfaces/rosidl_generator_cpp;/home/giulia/Desktop/project/src/tutorial_interfaces/build/tutorial_interfaces/rosidl_typesupport_fastrtps_c;/home/giulia/Desktop/project/src/tutorial_interfaces/build/tutorial_interfaces/rosidl_typesupport_fastrtps_cpp;$<BUILD_INTERFACE:/home/giulia/Desktop/project/src/tutorial_interfaces/build/tutorial_interfaces/rosidl_typesupport_introspection_c>;$<BUILD_INTERFACE:/home/giulia/Desktop/project/src/tutorial_interfaces/build/tutorial_interfaces/rosidl_typesupport_c>;$<BUILD_INTERFACE:/home/giulia/Desktop/project/src/tutorial_interfaces/build/tutorial_interfaces/rosidl_generator_cpp>;/home/giulia/Desktop/project/src/tutorial_interfaces/build/tutorial_interfaces/rosidl_generator_py
-- Configured cppcheck exclude dirs and/or files: 
-- Added test 'cpplint' to check C / C++ code against the Google style
-- Configured cpplint exclude dirs and/or files: 
-- Added test 'flake8' to check Python code syntax and style conventions
-- Added test 'lint_cmake' to check CMake code style
-- Added test 'pep257' to check Python code against some of the style conventions in PEP 257
-- Added test 'uncrustify' to check C / C++ code style
-- Configured uncrustify additional arguments: 
-- Added test 'xmllint' to check XML markup files
-- Configuring done
-- Generating done
-- Build files have been written to: /home/giulia/Desktop/project/src/tutorial_interfaces/build/tutorial_interfaces
[  3%] [34m[1mGenerating C code for ROS interfaces[0m
[35m[1mScanning dependencies of target tutorial_interfaces__cpp[0m
[  6%] [34m[1mGenerating C++ code for ROS interfaces[0m
[35m[1mScanning dependencies of target tutorial_interfaces__rosidl_generator_c[0m
[  6%] Built target tutorial_interfaces__cpp
[  9%] [32mBuilding C object CMakeFiles/tutorial_interfaces__rosidl_generator_c.dir/rosidl_generator_c/tutorial_interfaces/srv/detail/change_state__functions.c.o[0m
[ 12%] [34m[1mGenerating C++ type support for eProsima Fast-RTPS[0m
[ 16%] [34m[1mGenerating C++ introspection for ROS interfaces[0m
[ 19%] [34m[1mGenerating C++ type support dispatch for ROS interfaces[0m
[ 22%] [32m[1mLinking C shared library libtutorial_interfaces__rosidl_generator_c.so[0m
[ 22%] Built target tutorial_interfaces__rosidl_generator_c
[ 25%] [34m[1mGenerating C introspection for ROS interfaces[0m
[35m[1mScanning dependencies of target tutorial_interfaces__rosidl_typesupport_cpp[0m
[35m[1mScanning dependencies of target tutorial_interfaces__rosidl_typesupport_introspection_cpp[0m
[35m[1mScanning dependencies of target tutorial_interfaces__rosidl_typesupport_fastrtps_cpp[0m
[ 29%] [32mBuilding CXX object CMakeFiles/tutorial_interfaces__rosidl_typesupport_cpp.dir/rosidl_typesupport_cpp/tutorial_interfaces/srv/change_state__type_support.cpp.o[0m
[ 32%] [32mBuilding CXX object CMakeFiles/tutorial_interfaces__rosidl_typesupport_introspection_cpp.dir/rosidl_typesupport_introspection_cpp/tutorial_interfaces/srv/detail/change_state__type_support.cpp.o[0m
[ 35%] [32mBuilding CXX object CMakeFiles/tutorial_interfaces__rosidl_typesupport_fastrtps_cpp.dir/rosidl_typesupport_fastrtps_cpp/tutorial_interfaces/srv/detail/dds_fastrtps/change_state__type_support.cpp.o[0m
[35m[1mScanning dependencies of target tutorial_interfaces__rosidl_typesupport_introspection_c[0m
[ 38%] [32mBuilding C object CMakeFiles/tutorial_interfaces__rosidl_typesupport_introspection_c.dir/rosidl_typesupport_introspection_c/tutorial_interfaces/srv/detail/change_state__type_support.c.o[0m
[ 41%] [32m[1mLinking C shared library libtutorial_interfaces__rosidl_typesupport_introspection_c.so[0m
[ 41%] Built target tutorial_interfaces__rosidl_typesupport_introspection_c
[ 45%] [34m[1mGenerating C type support dispatch for ROS interfaces[0m
[ 48%] [32m[1mLinking CXX shared library libtutorial_interfaces__rosidl_typesupport_introspection_cpp.so[0m
[ 51%] [32m[1mLinking CXX shared library libtutorial_interfaces__rosidl_typesupport_cpp.so[0m
[ 51%] Built target tutorial_interfaces__rosidl_typesupport_cpp
[ 51%] Built target tutorial_interfaces__rosidl_typesupport_introspection_cpp
[ 54%] [32m[1mLinking CXX shared library libtutorial_interfaces__rosidl_typesupport_fastrtps_cpp.so[0m
[35m[1mScanning dependencies of target tutorial_interfaces__rosidl_typesupport_c[0m
[ 58%] [32mBuilding CXX object CMakeFiles/tutorial_interfaces__rosidl_typesupport_c.dir/rosidl_typesupport_c/tutorial_interfaces/srv/change_state__type_support.cpp.o[0m
[ 58%] Built target tutorial_interfaces__rosidl_typesupport_fastrtps_cpp
[ 61%] [32m[1mLinking CXX shared library libtutorial_interfaces__rosidl_typesupport_c.so[0m
[ 64%] [34m[1mGenerating C type support for eProsima Fast-RTPS[0m
[ 64%] Built target tutorial_interfaces__rosidl_typesupport_c
[35m[1mScanning dependencies of target tutorial_interfaces__rosidl_typesupport_fastrtps_c[0m
[ 67%] [32mBuilding CXX object CMakeFiles/tutorial_interfaces__rosidl_typesupport_fastrtps_c.dir/rosidl_typesupport_fastrtps_c/tutorial_interfaces/srv/detail/change_state__type_support_c.cpp.o[0m
[ 70%] [32m[1mLinking CXX shared library libtutorial_interfaces__rosidl_typesupport_fastrtps_c.so[0m
[ 70%] Built target tutorial_interfaces__rosidl_typesupport_fastrtps_c
[35m[1mScanning dependencies of target tutorial_interfaces[0m
[ 70%] Built target tutorial_interfaces
[35m[1mScanning dependencies of target tutorial_interfaces__py[0m
[ 74%] [34m[1mGenerating Python code for ROS interfaces[0m
[ 74%] Built target tutorial_interfaces__py
[35m[1mScanning dependencies of target tutorial_interfaces__python[0m
[ 77%] [32mBuilding C object CMakeFiles/tutorial_interfaces__python.dir/rosidl_generator_py/tutorial_interfaces/srv/_change_state_s.c.o[0m
[ 80%] [32m[1mLinking C shared library rosidl_generator_py/tutorial_interfaces/libtutorial_interfaces__python.so[0m
[ 80%] Built target tutorial_interfaces__python
[35m[1mScanning dependencies of target tutorial_interfaces__rosidl_typesupport_c__pyext[0m
[35m[1mScanning dependencies of target tutorial_interfaces__rosidl_typesupport_introspection_c__pyext[0m
[35m[1mScanning dependencies of target tutorial_interfaces__rosidl_typesupport_fastrtps_c__pyext[0m
[ 83%] [32mBuilding C object CMakeFiles/tutorial_interfaces__rosidl_typesupport_c__pyext.dir/rosidl_generator_py/tutorial_interfaces/_tutorial_interfaces_s.ep.rosidl_typesupport_c.c.o[0m
[ 87%] [32mBuilding C object CMakeFiles/tutorial_interfaces__rosidl_typesupport_introspection_c__pyext.dir/rosidl_generator_py/tutorial_interfaces/_tutorial_interfaces_s.ep.rosidl_typesupport_introspection_c.c.o[0m
[ 90%] [32mBuilding C object CMakeFiles/tutorial_interfaces__rosidl_typesupport_fastrtps_c__pyext.dir/rosidl_generator_py/tutorial_interfaces/_tutorial_interfaces_s.ep.rosidl_typesupport_fastrtps_c.c.o[0m
[ 93%] [32m[1mLinking C shared library rosidl_generator_py/tutorial_interfaces/tutorial_interfaces_s__rosidl_typesupport_c.cpython-38-x86_64-linux-gnu.so[0m
[ 96%] [32m[1mLinking CXX shared library rosidl_generator_py/tutorial_interfaces/tutorial_interfaces_s__rosidl_typesupport_fastrtps_c.cpython-38-x86_64-linux-gnu.so[0m
[100%] [32m[1mLinking C shared library rosidl_generator_py/tutorial_interfaces/tutorial_interfaces_s__rosidl_typesupport_introspection_c.cpython-38-x86_64-linux-gnu.so[0m
[100%] Built target tutorial_interfaces__rosidl_typesupport_c__pyext
[100%] Built target tutorial_interfaces__rosidl_typesupport_introspection_c__pyext
[100%] Built target tutorial_interfaces__rosidl_typesupport_fastrtps_c__pyext
-- Install configuration: ""
-- Installing: /home/giulia/Desktop/project/src/tutorial_interfaces/install/tutorial_interfaces/share/ament_index/resource_index/rosidl_interfaces/tutorial_interfaces
-- Installing: /home/giulia/Desktop/project/src/tutorial_interfaces/install/tutorial_interfaces/include/tutorial_interfaces
-- Installing: /home/giulia/Desktop/project/src/tutorial_interfaces/install/tutorial_interfaces/include/tutorial_interfaces/srv
-- Installing: /home/giulia/Desktop/project/src/tutorial_interfaces/install/tutorial_interfaces/include/tutorial_interfaces/srv/detail
-- Installing: /home/giulia/Desktop/project/src/tutorial_interfaces/install/tutorial_interfaces/include/tutorial_interfaces/srv/detail/change_state__type_support.h
-- Installing: /home/giulia/Desktop/project/src/tutorial_interfaces/install/tutorial_interfaces/include/tutorial_interfaces/srv/detail/change_state__struct.h
-- Installing: /home/giulia/Desktop/project/src/tutorial_interfaces/install/tutorial_interfaces/include/tutorial_interfaces/srv/detail/change_state__functions.c
-- Installing: /home/giulia/Desktop/project/src/tutorial_interfaces/install/tutorial_interfaces/include/tutorial_interfaces/srv/detail/change_state__functions.h
-- Installing: /home/giulia/Desktop/project/src/tutorial_interfaces/install/tutorial_interfaces/include/tutorial_interfaces/srv/change_state.h
-- Installing: /home/giulia/Desktop/project/src/tutorial_interfaces/install/tutorial_interfaces/include/tutorial_interfaces/msg
-- Installing: /home/giulia/Desktop/project/src/tutorial_interfaces/install/tutorial_interfaces/include/tutorial_interfaces/msg/rosidl_generator_c__visibility_control.h
-- Installing: /home/giulia/Desktop/project/src/tutorial_interfaces/install/tutorial_interfaces/share/tutorial_interfaces/environment/library_path.sh
-- Installing: /home/giulia/Desktop/project/src/tutorial_interfaces/install/tutorial_interfaces/share/tutorial_interfaces/environment/library_path.dsv
-- Installing: /home/giulia/Desktop/project/src/tutorial_interfaces/install/tutorial_interfaces/lib/libtutorial_interfaces__rosidl_generator_c.so
-- Set runtime path of "/home/giulia/Desktop/project/src/tutorial_interfaces/install/tutorial_interfaces/lib/libtutorial_interfaces__rosidl_generator_c.so" to ""
-- Up-to-date: /home/giulia/Desktop/project/src/tutorial_interfaces/install/tutorial_interfaces/include/tutorial_interfaces
-- Up-to-date: /home/giulia/Desktop/project/src/tutorial_interfaces/install/tutorial_interfaces/include/tutorial_interfaces/srv
-- Up-to-date: /home/giulia/Desktop/project/src/tutorial_interfaces/install/tutorial_interfaces/include/tutorial_interfaces/srv/detail
-- Installing: /home/giulia/Desktop/project/src/tutorial_interfaces/install/tutorial_interfaces/include/tutorial_interfaces/srv/detail/change_state__rosidl_typesupport_fastrtps_c.h
-- Up-to-date: /home/giulia/Desktop/project/src/tutorial_interfaces/install/tutorial_interfaces/include/tutorial_interfaces/msg
-- Installing: /home/giulia/Desktop/project/src/tutorial_interfaces/install/tutorial_interfaces/include/tutorial_interfaces/msg/rosidl_typesupport_fastrtps_c__visibility_control.h
-- Installing: /home/giulia/Desktop/project/src/tutorial_interfaces/install/tutorial_interfaces/lib/libtutorial_interfaces__rosidl_typesupport_fastrtps_c.so
-- Set runtime path of "/home/giulia/Desktop/project/src/tutorial_interfaces/install/tutorial_interfaces/lib/libtutorial_interfaces__rosidl_typesupport_fastrtps_c.so" to ""
-- Up-to-date: /home/giulia/Desktop/project/src/tutorial_interfaces/install/tutorial_interfaces/include/tutorial_interfaces
-- Up-to-date: /home/giulia/Desktop/project/src/tutorial_interfaces/install/tutorial_interfaces/include/tutorial_interfaces/srv
-- Up-to-date: /home/giulia/Desktop/project/src/tutorial_interfaces/install/tutorial_interfaces/include/tutorial_interfaces/srv/detail
-- Installing: /home/giulia/Desktop/project/src/tutorial_interfaces/install/tutorial_interfaces/include/tutorial_interfaces/srv/detail/dds_fastrtps
-- Installing: /home/giulia/Desktop/project/src/tutorial_interfaces/install/tutorial_interfaces/include/tutorial_interfaces/srv/detail/change_state__rosidl_typesupport_fastrtps_cpp.hpp
-- Up-to-date: /home/giulia/Desktop/project/src/tutorial_interfaces/install/tutorial_interfaces/include/tutorial_interfaces/msg
-- Installing: /home/giulia/Desktop/project/src/tutorial_interfaces/install/tutorial_interfaces/include/tutorial_interfaces/msg/rosidl_typesupport_fastrtps_cpp__visibility_control.h
-- Installing: /home/giulia/Desktop/project/src/tutorial_interfaces/install/tutorial_interfaces/lib/libtutorial_interfaces__rosidl_typesupport_fastrtps_cpp.so
-- Set runtime path of "/home/giulia/Desktop/project/src/tutorial_interfaces/install/tutorial_interfaces/lib/libtutorial_interfaces__rosidl_typesupport_fastrtps_cpp.so" to ""
-- Up-to-date: /home/giulia/Desktop/project/src/tutorial_interfaces/install/tutorial_interfaces/include/tutorial_interfaces
-- Up-to-date: /home/giulia/Desktop/project/src/tutorial_interfaces/install/tutorial_interfaces/include/tutorial_interfaces/srv
-- Up-to-date: /home/giulia/Desktop/project/src/tutorial_interfaces/install/tutorial_interfaces/include/tutorial_interfaces/srv/detail
-- Installing: /home/giulia/Desktop/project/src/tutorial_interfaces/install/tutorial_interfaces/include/tutorial_interfaces/srv/detail/change_state__rosidl_typesupport_introspection_c.h
-- Installing: /home/giulia/Desktop/project/src/tutorial_interfaces/install/tutorial_interfaces/include/tutorial_interfaces/srv/detail/change_state__type_support.c
-- Up-to-date: /home/giulia/Desktop/project/src/tutorial_interfaces/install/tutorial_interfaces/include/tutorial_interfaces/msg
-- Installing: /home/giulia/Desktop/project/src/tutorial_interfaces/install/tutorial_interfaces/include/tutorial_interfaces/msg/rosidl_typesupport_introspection_c__visibility_control.h
-- Installing: /home/giulia/Desktop/project/src/tutorial_interfaces/install/tutorial_interfaces/lib/libtutorial_interfaces__rosidl_typesupport_introspection_c.so
-- Set runtime path of "/home/giulia/Desktop/project/src/tutorial_interfaces/install/tutorial_interfaces/lib/libtutorial_interfaces__rosidl_typesupport_introspection_c.so" to ""
-- Installing: /home/giulia/Desktop/project/src/tutorial_interfaces/install/tutorial_interfaces/lib/libtutorial_interfaces__rosidl_typesupport_c.so
-- Set runtime path of "/home/giulia/Desktop/project/src/tutorial_interfaces/install/tutorial_interfaces/lib/libtutorial_interfaces__rosidl_typesupport_c.so" to ""
-- Up-to-date: /home/giulia/Desktop/project/src/tutorial_interfaces/install/tutorial_interfaces/include/tutorial_interfaces
-- Up-to-date: /home/giulia/Desktop/project/src/tutorial_interfaces/install/tutorial_interfaces/include/tutorial_interfaces/srv
-- Installing: /home/giulia/Desktop/project/src/tutorial_interfaces/install/tutorial_interfaces/include/tutorial_interfaces/srv/change_state.hpp
-- Up-to-date: /home/giulia/Desktop/project/src/tutorial_interfaces/install/tutorial_interfaces/include/tutorial_interfaces/srv/detail
-- Installing: /home/giulia/Desktop/project/src/tutorial_interfaces/install/tutorial_interfaces/include/tutorial_interfaces/srv/detail/change_state__traits.hpp
-- Installing: /home/giulia/Desktop/project/src/tutorial_interfaces/install/tutorial_interfaces/include/tutorial_interfaces/srv/detail/change_state__struct.hpp
-- Installing: /home/giulia/Desktop/project/src/tutorial_interfaces/install/tutorial_interfaces/include/tutorial_interfaces/srv/detail/change_state__type_support.hpp
-- Installing: /home/giulia/Desktop/project/src/tutorial_interfaces/install/tutorial_interfaces/include/tutorial_interfaces/srv/detail/change_state__builder.hpp
-- Up-to-date: /home/giulia/Desktop/project/src/tutorial_interfaces/install/tutorial_interfaces/include/tutorial_interfaces/msg
-- Installing: /home/giulia/Desktop/project/src/tutorial_interfaces/install/tutorial_interfaces/include/tutorial_interfaces/msg/rosidl_generator_cpp__visibility_control.hpp
-- Up-to-date: /home/giulia/Desktop/project/src/tutorial_interfaces/install/tutorial_interfaces/include/tutorial_interfaces
-- Up-to-date: /home/giulia/Desktop/project/src/tutorial_interfaces/install/tutorial_interfaces/include/tutorial_interfaces/srv
-- Up-to-date: /home/giulia/Desktop/project/src/tutorial_interfaces/install/tutorial_interfaces/include/tutorial_interfaces/srv/detail
-- Installing: /home/giulia/Desktop/project/src/tutorial_interfaces/install/tutorial_interfaces/include/tutorial_interfaces/srv/detail/change_state__type_support.cpp
-- Installing: /home/giulia/Desktop/project/src/tutorial_interfaces/install/tutorial_interfaces/include/tutorial_interfaces/srv/detail/change_state__rosidl_typesupport_introspection_cpp.hpp
-- Installing: /home/giulia/Desktop/project/src/tutorial_interfaces/install/tutorial_interfaces/lib/libtutorial_interfaces__rosidl_typesupport_introspection_cpp.so
-- Set runtime path of "/home/giulia/Desktop/project/src/tutorial_interfaces/install/tutorial_interfaces/lib/libtutorial_interfaces__rosidl_typesupport_introspection_cpp.so" to ""
-- Installing: /home/giulia/Desktop/project/src/tutorial_interfaces/install/tutorial_interfaces/lib/libtutorial_interfaces__rosidl_typesupport_cpp.so
-- Set runtime path of "/home/giulia/Desktop/project/src/tutorial_interfaces/install/tutorial_interfaces/lib/libtutorial_interfaces__rosidl_typesupport_cpp.so" to ""
-- Installing: /home/giulia/Desktop/project/src/tutorial_interfaces/install/tutorial_interfaces/share/tutorial_interfaces/environment/pythonpath.sh
-- Installing: /home/giulia/Desktop/project/src/tutorial_interfaces/install/tutorial_interfaces/share/tutorial_interfaces/environment/pythonpath.dsv
-- Installing: /home/giulia/Desktop/project/src/tutorial_interfaces/install/tutorial_interfaces/lib/python3.8/site-packages/tutorial_interfaces/__init__.py
Compiling '/home/giulia/Desktop/project/src/tutorial_interfaces/install/tutorial_interfaces/lib/python3.8/site-packages/tutorial_interfaces/__init__.py'...
-- Installing: /home/giulia/Desktop/project/src/tutorial_interfaces/install/tutorial_interfaces/lib/python3.8/site-packages/tutorial_interfaces/srv
-- Installing: /home/giulia/Desktop/project/src/tutorial_interfaces/install/tutorial_interfaces/lib/python3.8/site-packages/tutorial_interfaces/srv/_change_state_s.c
-- Installing: /home/giulia/Desktop/project/src/tutorial_interfaces/install/tutorial_interfaces/lib/python3.8/site-packages/tutorial_interfaces/srv/_change_state.py
-- Installing: /home/giulia/Desktop/project/src/tutorial_interfaces/install/tutorial_interfaces/lib/python3.8/site-packages/tutorial_interfaces/srv/__init__.py
-- Installing: /home/giulia/Desktop/project/src/tutorial_interfaces/install/tutorial_interfaces/lib/python3.8/site-packages/tutorial_interfaces/tutorial_interfaces_s__rosidl_typesupport_fastrtps_c.cpython-38-x86_64-linux-gnu.so
-- Set runtime path of "/home/giulia/Desktop/project/src/tutorial_interfaces/install/tutorial_interfaces/lib/python3.8/site-packages/tutorial_interfaces/tutorial_interfaces_s__rosidl_typesupport_fastrtps_c.cpython-38-x86_64-linux-gnu.so" to ""
-- Installing: /home/giulia/Desktop/project/src/tutorial_interfaces/install/tutorial_interfaces/lib/python3.8/site-packages/tutorial_interfaces/tutorial_interfaces_s__rosidl_typesupport_introspection_c.cpython-38-x86_64-linux-gnu.so
-- Set runtime path of "/home/giulia/Desktop/project/src/tutorial_interfaces/install/tutorial_interfaces/lib/python3.8/site-packages/tutorial_interfaces/tutorial_interfaces_s__rosidl_typesupport_introspection_c.cpython-38-x86_64-linux-gnu.so" to ""
-- Installing: /home/giulia/Desktop/project/src/tutorial_interfaces/install/tutorial_interfaces/lib/python3.8/site-packages/tutorial_interfaces/tutorial_interfaces_s__rosidl_typesupport_c.cpython-38-x86_64-linux-gnu.so
-- Set runtime path of "/home/giulia/Desktop/project/src/tutorial_interfaces/install/tutorial_interfaces/lib/python3.8/site-packages/tutorial_interfaces/tutorial_interfaces_s__rosidl_typesupport_c.cpython-38-x86_64-linux-gnu.so" to ""
-- Installing: /home/giulia/Desktop/project/src/tutorial_interfaces/install/tutorial_interfaces/lib/libtutorial_interfaces__python.so
-- Set runtime path of "/home/giulia/Desktop/project/src/tutorial_interfaces/install/tutorial_interfaces/lib/libtutorial_interfaces__python.so" to ""
-- Installing: /home/giulia/Desktop/project/src/tutorial_interfaces/install/tutorial_interfaces/share/tutorial_interfaces/srv/ChangeState.idl
-- Installing: /home/giulia/Desktop/project/src/tutorial_interfaces/install/tutorial_interfaces/share/tutorial_interfaces/srv/ChangeState.srv
-- Installing: /home/giulia/Desktop/project/src/tutorial_interfaces/install/tutorial_interfaces/share/tutorial_interfaces/srv/ChangeState_Request.msg
-- Installing: /home/giulia/Desktop/project/src/tutorial_interfaces/install/tutorial_interfaces/share/tutorial_interfaces/srv/ChangeState_Response.msg
-- Installing: /home/giulia/Desktop/project/src/tutorial_interfaces/install/tutorial_interfaces/share/ament_index/resource_index/package_run_dependencies/tutorial_interfaces
-- Installing: /home/giulia/Desktop/project/src/tutorial_interfaces/install/tutorial_interfaces/share/ament_index/resource_index/parent_prefix_path/tutorial_interfaces
-- Installing: /home/giulia/Desktop/project/src/tutorial_interfaces/install/tutorial_interfaces/share/tutorial_interfaces/environment/ament_prefix_path.sh
-- Installing: /home/giulia/Desktop/project/src/tutorial_interfaces/install/tutorial_interfaces/share/tutorial_interfaces/environment/ament_prefix_path.dsv
-- Installing: /home/giulia/Desktop/project/src/tutorial_interfaces/install/tutorial_interfaces/share/tutorial_interfaces/environment/path.sh
-- Installing: /home/giulia/Desktop/project/src/tutorial_interfaces/install/tutorial_interfaces/share/tutorial_interfaces/environment/path.dsv
-- Installing: /home/giulia/Desktop/project/src/tutorial_interfaces/install/tutorial_interfaces/share/tutorial_interfaces/local_setup.bash
-- Installing: /home/giulia/Desktop/project/src/tutorial_interfaces/install/tutorial_interfaces/share/tutorial_interfaces/local_setup.sh
-- Installing: /home/giulia/Desktop/project/src/tutorial_interfaces/install/tutorial_interfaces/share/tutorial_interfaces/local_setup.zsh
-- Installing: /home/giulia/Desktop/project/src/tutorial_interfaces/install/tutorial_interfaces/share/tutorial_interfaces/local_setup.dsv
-- Installing: /home/giulia/Desktop/project/src/tutorial_interfaces/install/tutorial_interfaces/share/tutorial_interfaces/package.dsv
-- Installing: /home/giulia/Desktop/project/src/tutorial_interfaces/install/tutorial_interfaces/share/ament_index/resource_index/packages/tutorial_interfaces
-- Installing: /home/giulia/Desktop/project/src/tutorial_interfaces/install/tutorial_interfaces/share/tutorial_interfaces/cmake/tutorial_interfaces__rosidl_generator_cExport.cmake
-- Installing: /home/giulia/Desktop/project/src/tutorial_interfaces/install/tutorial_interfaces/share/tutorial_interfaces/cmake/tutorial_interfaces__rosidl_generator_cExport-noconfig.cmake
-- Installing: /home/giulia/Desktop/project/src/tutorial_interfaces/install/tutorial_interfaces/share/tutorial_interfaces/cmake/tutorial_interfaces__rosidl_typesupport_introspection_cExport.cmake
-- Installing: /home/giulia/Desktop/project/src/tutorial_interfaces/install/tutorial_interfaces/share/tutorial_interfaces/cmake/tutorial_interfaces__rosidl_typesupport_introspection_cExport-noconfig.cmake
-- Installing: /home/giulia/Desktop/project/src/tutorial_interfaces/install/tutorial_interfaces/share/tutorial_interfaces/cmake/tutorial_interfaces__rosidl_typesupport_cExport.cmake
-- Installing: /home/giulia/Desktop/project/src/tutorial_interfaces/install/tutorial_interfaces/share/tutorial_interfaces/cmake/tutorial_interfaces__rosidl_typesupport_cExport-noconfig.cmake
-- Installing: /home/giulia/Desktop/project/src/tutorial_interfaces/install/tutorial_interfaces/share/tutorial_interfaces/cmake/tutorial_interfaces__rosidl_generator_cppExport.cmake
-- Installing: /home/giulia/Desktop/project/src/tutorial_interfaces/install/tutorial_interfaces/share/tutorial_interfaces/cmake/tutorial_interfaces__rosidl_typesupport_introspection_cppExport.cmake
-- Installing: /home/giulia/Desktop/project/src/tutorial_interfaces/install/tutorial_interfaces/share/tutorial_interfaces/cmake/tutorial_interfaces__rosidl_typesupport_introspection_cppExport-noconfig.cmake
-- Installing: /home/giulia/Desktop/project/src/tutorial_interfaces/install/tutorial_interfaces/share/tutorial_interfaces/cmake/tutorial_interfaces__rosidl_typesupport_cppExport.cmake
-- Installing: /home/giulia/Desktop/project/src/tutorial_interfaces/install/tutorial_interfaces/share/tutorial_interfaces/cmake/tutorial_interfaces__rosidl_typesupport_cppExport-noconfig.cmake
-- Installing: /home/giulia/Desktop/project/src/tutorial_interfaces/install/tutorial_interfaces/share/tutorial_interfaces/cmake/rosidl_cmake-extras.cmake
-- Installing: /home/giulia/Desktop/project/src/tutorial_interfaces/install/tutorial_interfaces/share/tutorial_interfaces/cmake/ament_cmake_export_dependencies-extras.cmake
-- Installing: /home/giulia/Desktop/project/src/tutorial_interfaces/install/tutorial_interfaces/share/tutorial_interfaces/cmake/ament_cmake_export_libraries-extras.cmake
-- Installing: /home/giulia/Desktop/project/src/tutorial_interfaces/install/tutorial_interfaces/share/tutorial_interfaces/cmake/ament_cmake_export_targets-extras.cmake
-- Installing: /home/giulia/Desktop/project/src/tutorial_interfaces/install/tutorial_interfaces/share/tutorial_interfaces/cmake/ament_cmake_export_include_directories-extras.cmake
-- Installing: /home/giulia/Desktop/project/src/tutorial_interfaces/install/tutorial_interfaces/share/tutorial_interfaces/cmake/rosidl_cmake_export_typesupport_libraries-extras.cmake
-- Installing: /home/giulia/Desktop/project/src/tutorial_interfaces/install/tutorial_interfaces/share/tutorial_interfaces/cmake/rosidl_cmake_export_typesupport_targets-extras.cmake
-- Installing: /home/giulia/Desktop/project/src/tutorial_interfaces/install/tutorial_interfaces/share/tutorial_interfaces/cmake/tutorial_interfacesConfig.cmake
-- Installing: /home/giulia/Desktop/project/src/tutorial_interfaces/install/tutorial_interfaces/share/tutorial_interfaces/cmake/tutorial_interfacesConfig-version.cmake
-- Installing: /home/giulia/Desktop/project/src/tutorial_interfaces/install/tutorial_interfaces/share/tutorial_interfaces/package.xml
