[0.023s] Invoking command in '/home/giulia/Desktop/project/src/tutorial_interfaces/build/tutorial_interfaces': CMAKE_PREFIX_PATH=${CMAKE_PREFIX_PATH}:/opt/ros/foxy:/home/giulia/Desktop/project/install/f1tenth_strategy_node /usr/bin/cmake /home/giulia/Desktop/project/src/tutorial_interfaces -DCMAKE_INSTALL_PREFIX=/home/giulia/Desktop/project/src/tutorial_interfaces/install/tutorial_interfaces
[0.043s] -- Found ament_cmake: 0.9.12 (/opt/ros/foxy/share/ament_cmake/cmake)
[0.079s] -- Found PythonInterp: /usr/bin/python3 (found suitable version "3.8.10", minimum required is "3") 
[0.079s] -- Using PYTHON_EXECUTABLE: /usr/bin/python3
[0.325s] -- Found rosidl_default_generators: 1.0.1 (/opt/ros/foxy/share/rosidl_default_generators/cmake)
[0.330s] -- Using all available rosidl_typesupport_c: rosidl_typesupport_fastrtps_c;rosidl_typesupport_introspection_c
[0.334s] -- Found rosidl_adapter: 1.3.1 (/opt/ros/foxy/share/rosidl_adapter/cmake)
[0.523s] -- Using all available rosidl_typesupport_cpp: rosidl_typesupport_fastrtps_cpp;rosidl_typesupport_introspection_cpp
[0.587s] -- Found PythonInterp: /usr/bin/python3 (found version "3.8.10") 
[0.754s] -- Found ament_cmake_ros: 0.9.2 (/opt/ros/foxy/share/ament_cmake_ros/cmake)
[0.886s] -- Using all available rosidl_typesupport_c: rosidl_typesupport_fastrtps_c;rosidl_typesupport_introspection_c
[0.898s] -- Using all available rosidl_typesupport_cpp: rosidl_typesupport_fastrtps_cpp;rosidl_typesupport_introspection_cpp
[0.938s] -- Found PythonInterp: /usr/bin/python3 (found suitable version "3.8.10", minimum required is "3.5") 
[0.942s] -- Found python_cmake_module: 0.8.1 (/opt/ros/foxy/share/python_cmake_module/cmake)
[0.997s] -- Found PythonLibs: /usr/lib/x86_64-linux-gnu/libpython3.8.so (found suitable version "3.8.10", minimum required is "3.5") 
[0.998s] -- Using PYTHON_EXECUTABLE: /usr/bin/python3
[0.998s] -- Using PYTHON_INCLUDE_DIRS: /usr/include/python3.8
[0.998s] -- Using PYTHON_LIBRARIES: /usr/lib/x86_64-linux-gnu/libpython3.8.so
[1.033s] -- Found PythonExtra: .so  
[1.086s] -- Found ament_lint_auto: 0.9.8 (/opt/ros/foxy/share/ament_lint_auto/cmake)
[1.102s] -- Added test 'copyright' to check source files copyright and LICENSE
[1.113s] -- Added test 'cppcheck' to perform static code analysis on C / C++ code
[1.115s] -- Configured cppcheck include dirs: $<BUILD_INTERFACE:/home/giulia/Desktop/project/src/tutorial_interfaces/build/tutorial_interfaces/rosidl_generator_c>;/home/giulia/Desktop/project/src/tutorial_interfaces/build/tutorial_interfaces/rosidl_generator_c;/home/giulia/Desktop/project/src/tutorial_interfaces/build/tutorial_interfaces/rosidl_generator_cpp;/home/giulia/Desktop/project/src/tutorial_interfaces/build/tutorial_interfaces/rosidl_typesupport_fastrtps_c;/home/giulia/Desktop/project/src/tutorial_interfaces/build/tutorial_interfaces/rosidl_typesupport_fastrtps_cpp;$<BUILD_INTERFACE:/home/giulia/Desktop/project/src/tutorial_interfaces/build/tutorial_interfaces/rosidl_typesupport_introspection_c>;$<BUILD_INTERFACE:/home/giulia/Desktop/project/src/tutorial_interfaces/build/tutorial_interfaces/rosidl_typesupport_c>;$<BUILD_INTERFACE:/home/giulia/Desktop/project/src/tutorial_interfaces/build/tutorial_interfaces/rosidl_generator_cpp>;/home/giulia/Desktop/project/src/tutorial_interfaces/build/tutorial_interfaces/rosidl_generator_py
[1.115s] -- Configured cppcheck exclude dirs and/or files: 
[1.125s] -- Added test 'cpplint' to check C / C++ code against the Google style
[1.126s] -- Configured cpplint exclude dirs and/or files: 
[1.127s] -- Added test 'flake8' to check Python code syntax and style conventions
[1.131s] -- Added test 'lint_cmake' to check CMake code style
[1.133s] -- Added test 'pep257' to check Python code against some of the style conventions in PEP 257
[1.145s] -- Added test 'uncrustify' to check C / C++ code style
[1.146s] -- Configured uncrustify additional arguments: 
[1.147s] -- Added test 'xmllint' to check XML markup files
[1.153s] -- Configuring done
[1.193s] -- Generating done
[1.197s] -- Build files have been written to: /home/giulia/Desktop/project/src/tutorial_interfaces/build/tutorial_interfaces
[1.215s] Invoked command in '/home/giulia/Desktop/project/src/tutorial_interfaces/build/tutorial_interfaces' returned '0': CMAKE_PREFIX_PATH=${CMAKE_PREFIX_PATH}:/opt/ros/foxy:/home/giulia/Desktop/project/install/f1tenth_strategy_node /usr/bin/cmake /home/giulia/Desktop/project/src/tutorial_interfaces -DCMAKE_INSTALL_PREFIX=/home/giulia/Desktop/project/src/tutorial_interfaces/install/tutorial_interfaces
[1.217s] Invoking command in '/home/giulia/Desktop/project/src/tutorial_interfaces/build/tutorial_interfaces': CMAKE_PREFIX_PATH=${CMAKE_PREFIX_PATH}:/opt/ros/foxy:/home/giulia/Desktop/project/install/f1tenth_strategy_node /usr/bin/cmake --build /home/giulia/Desktop/project/src/tutorial_interfaces/build/tutorial_interfaces -- -j4 -l4
[1.278s] [  3%] [34m[1mGenerating C code for ROS interfaces[0m
[1.279s] [35m[1mScanning dependencies of target tutorial_interfaces__cpp[0m
[1.294s] [  6%] [34m[1mGenerating C++ code for ROS interfaces[0m
[1.827s] [35m[1mScanning dependencies of target tutorial_interfaces__rosidl_generator_c[0m
[1.838s] [  6%] Built target tutorial_interfaces__cpp
[1.853s] [  9%] [32mBuilding C object CMakeFiles/tutorial_interfaces__rosidl_generator_c.dir/rosidl_generator_c/tutorial_interfaces/srv/detail/change_state__functions.c.o[0m
[1.859s] [ 12%] [34m[1mGenerating C++ type support for eProsima Fast-RTPS[0m
[1.859s] [ 16%] [34m[1mGenerating C++ introspection for ROS interfaces[0m
[1.862s] [ 19%] [34m[1mGenerating C++ type support dispatch for ROS interfaces[0m
[2.013s] [ 22%] [32m[1mLinking C shared library libtutorial_interfaces__rosidl_generator_c.so[0m
[2.185s] [ 22%] Built target tutorial_interfaces__rosidl_generator_c
[2.209s] [ 25%] [34m[1mGenerating C introspection for ROS interfaces[0m
[2.463s] [35m[1mScanning dependencies of target tutorial_interfaces__rosidl_typesupport_cpp[0m
[2.500s] [35m[1mScanning dependencies of target tutorial_interfaces__rosidl_typesupport_introspection_cpp[0m
[2.501s] [35m[1mScanning dependencies of target tutorial_interfaces__rosidl_typesupport_fastrtps_cpp[0m
[2.512s] [ 29%] [32mBuilding CXX object CMakeFiles/tutorial_interfaces__rosidl_typesupport_cpp.dir/rosidl_typesupport_cpp/tutorial_interfaces/srv/change_state__type_support.cpp.o[0m
[2.535s] [ 32%] [32mBuilding CXX object CMakeFiles/tutorial_interfaces__rosidl_typesupport_introspection_cpp.dir/rosidl_typesupport_introspection_cpp/tutorial_interfaces/srv/detail/change_state__type_support.cpp.o[0m
[2.605s] [ 35%] [32mBuilding CXX object CMakeFiles/tutorial_interfaces__rosidl_typesupport_fastrtps_cpp.dir/rosidl_typesupport_fastrtps_cpp/tutorial_interfaces/srv/detail/dds_fastrtps/change_state__type_support.cpp.o[0m
[2.945s] [35m[1mScanning dependencies of target tutorial_interfaces__rosidl_typesupport_introspection_c[0m
[3.003s] [ 38%] [32mBuilding C object CMakeFiles/tutorial_interfaces__rosidl_typesupport_introspection_c.dir/rosidl_typesupport_introspection_c/tutorial_interfaces/srv/detail/change_state__type_support.c.o[0m
[3.096s] [ 41%] [32m[1mLinking C shared library libtutorial_interfaces__rosidl_typesupport_introspection_c.so[0m
[3.234s] [ 41%] Built target tutorial_interfaces__rosidl_typesupport_introspection_c
[3.260s] [ 45%] [34m[1mGenerating C type support dispatch for ROS interfaces[0m
[3.308s] [ 48%] [32m[1mLinking CXX shared library libtutorial_interfaces__rosidl_typesupport_introspection_cpp.so[0m
[3.312s] [ 51%] [32m[1mLinking CXX shared library libtutorial_interfaces__rosidl_typesupport_cpp.so[0m
[3.415s] [ 51%] Built target tutorial_interfaces__rosidl_typesupport_cpp
[3.504s] [ 51%] Built target tutorial_interfaces__rosidl_typesupport_introspection_cpp
[3.621s] [ 54%] [32m[1mLinking CXX shared library libtutorial_interfaces__rosidl_typesupport_fastrtps_cpp.so[0m
[3.714s] [35m[1mScanning dependencies of target tutorial_interfaces__rosidl_typesupport_c[0m
[3.741s] [ 58%] [32mBuilding CXX object CMakeFiles/tutorial_interfaces__rosidl_typesupport_c.dir/rosidl_typesupport_c/tutorial_interfaces/srv/change_state__type_support.cpp.o[0m
[3.781s] [ 58%] Built target tutorial_interfaces__rosidl_typesupport_fastrtps_cpp
[3.794s] [ 61%] [32m[1mLinking CXX shared library libtutorial_interfaces__rosidl_typesupport_c.so[0m
[3.797s] [ 64%] [34m[1mGenerating C type support for eProsima Fast-RTPS[0m
[3.856s] [ 64%] Built target tutorial_interfaces__rosidl_typesupport_c
[4.168s] [35m[1mScanning dependencies of target tutorial_interfaces__rosidl_typesupport_fastrtps_c[0m
[4.201s] [ 67%] [32mBuilding CXX object CMakeFiles/tutorial_interfaces__rosidl_typesupport_fastrtps_c.dir/rosidl_typesupport_fastrtps_c/tutorial_interfaces/srv/detail/change_state__type_support_c.cpp.o[0m
[4.685s] [ 70%] [32m[1mLinking CXX shared library libtutorial_interfaces__rosidl_typesupport_fastrtps_c.so[0m
[4.815s] [ 70%] Built target tutorial_interfaces__rosidl_typesupport_fastrtps_c
[4.831s] [35m[1mScanning dependencies of target tutorial_interfaces[0m
[4.849s] [ 70%] Built target tutorial_interfaces
[4.864s] [35m[1mScanning dependencies of target tutorial_interfaces__py[0m
[4.882s] [ 74%] [34m[1mGenerating Python code for ROS interfaces[0m
[5.547s] [ 74%] Built target tutorial_interfaces__py
[5.564s] [35m[1mScanning dependencies of target tutorial_interfaces__python[0m
[5.613s] [ 77%] [32mBuilding C object CMakeFiles/tutorial_interfaces__python.dir/rosidl_generator_py/tutorial_interfaces/srv/_change_state_s.c.o[0m
[5.745s] [ 80%] [32m[1mLinking C shared library rosidl_generator_py/tutorial_interfaces/libtutorial_interfaces__python.so[0m
[5.808s] [ 80%] Built target tutorial_interfaces__python
[5.824s] [35m[1mScanning dependencies of target tutorial_interfaces__rosidl_typesupport_c__pyext[0m
[5.834s] [35m[1mScanning dependencies of target tutorial_interfaces__rosidl_typesupport_introspection_c__pyext[0m
[5.834s] [35m[1mScanning dependencies of target tutorial_interfaces__rosidl_typesupport_fastrtps_c__pyext[0m
[5.863s] [ 83%] [32mBuilding C object CMakeFiles/tutorial_interfaces__rosidl_typesupport_c__pyext.dir/rosidl_generator_py/tutorial_interfaces/_tutorial_interfaces_s.ep.rosidl_typesupport_c.c.o[0m
[5.877s] [ 87%] [32mBuilding C object CMakeFiles/tutorial_interfaces__rosidl_typesupport_introspection_c__pyext.dir/rosidl_generator_py/tutorial_interfaces/_tutorial_interfaces_s.ep.rosidl_typesupport_introspection_c.c.o[0m
[5.882s] [ 90%] [32mBuilding C object CMakeFiles/tutorial_interfaces__rosidl_typesupport_fastrtps_c__pyext.dir/rosidl_generator_py/tutorial_interfaces/_tutorial_interfaces_s.ep.rosidl_typesupport_fastrtps_c.c.o[0m
[6.084s] [ 93%] [32m[1mLinking C shared library rosidl_generator_py/tutorial_interfaces/tutorial_interfaces_s__rosidl_typesupport_c.cpython-38-x86_64-linux-gnu.so[0m
[6.107s] [ 96%] [32m[1mLinking CXX shared library rosidl_generator_py/tutorial_interfaces/tutorial_interfaces_s__rosidl_typesupport_fastrtps_c.cpython-38-x86_64-linux-gnu.so[0m
[6.137s] [100%] [32m[1mLinking C shared library rosidl_generator_py/tutorial_interfaces/tutorial_interfaces_s__rosidl_typesupport_introspection_c.cpython-38-x86_64-linux-gnu.so[0m
[6.172s] [100%] Built target tutorial_interfaces__rosidl_typesupport_c__pyext
[6.194s] [100%] Built target tutorial_interfaces__rosidl_typesupport_introspection_c__pyext
[6.220s] [100%] Built target tutorial_interfaces__rosidl_typesupport_fastrtps_c__pyext
[6.241s] Invoked command in '/home/giulia/Desktop/project/src/tutorial_interfaces/build/tutorial_interfaces' returned '0': CMAKE_PREFIX_PATH=${CMAKE_PREFIX_PATH}:/opt/ros/foxy:/home/giulia/Desktop/project/install/f1tenth_strategy_node /usr/bin/cmake --build /home/giulia/Desktop/project/src/tutorial_interfaces/build/tutorial_interfaces -- -j4 -l4
[6.337s] Invoking command in '/home/giulia/Desktop/project/src/tutorial_interfaces/build/tutorial_interfaces': CMAKE_PREFIX_PATH=${CMAKE_PREFIX_PATH}:/opt/ros/foxy:/home/giulia/Desktop/project/install/f1tenth_strategy_node /usr/bin/cmake --install /home/giulia/Desktop/project/src/tutorial_interfaces/build/tutorial_interfaces
[6.354s] -- Install configuration: ""
[6.355s] -- Installing: /home/giulia/Desktop/project/src/tutorial_interfaces/install/tutorial_interfaces/share/ament_index/resource_index/rosidl_interfaces/tutorial_interfaces
[6.355s] -- Installing: /home/giulia/Desktop/project/src/tutorial_interfaces/install/tutorial_interfaces/include/tutorial_interfaces
[6.355s] -- Installing: /home/giulia/Desktop/project/src/tutorial_interfaces/install/tutorial_interfaces/include/tutorial_interfaces/srv
[6.355s] -- Installing: /home/giulia/Desktop/project/src/tutorial_interfaces/install/tutorial_interfaces/include/tutorial_interfaces/srv/detail
[6.356s] -- Installing: /home/giulia/Desktop/project/src/tutorial_interfaces/install/tutorial_interfaces/include/tutorial_interfaces/srv/detail/change_state__type_support.h
[6.356s] -- Installing: /home/giulia/Desktop/project/src/tutorial_interfaces/install/tutorial_interfaces/include/tutorial_interfaces/srv/detail/change_state__struct.h
[6.356s] -- Installing: /home/giulia/Desktop/project/src/tutorial_interfaces/install/tutorial_interfaces/include/tutorial_interfaces/srv/detail/change_state__functions.c
[6.356s] -- Installing: /home/giulia/Desktop/project/src/tutorial_interfaces/install/tutorial_interfaces/include/tutorial_interfaces/srv/detail/change_state__functions.h
[6.356s] -- Installing: /home/giulia/Desktop/project/src/tutorial_interfaces/install/tutorial_interfaces/include/tutorial_interfaces/srv/change_state.h
[6.356s] -- Installing: /home/giulia/Desktop/project/src/tutorial_interfaces/install/tutorial_interfaces/include/tutorial_interfaces/msg
[6.357s] -- Installing: /home/giulia/Desktop/project/src/tutorial_interfaces/install/tutorial_interfaces/include/tutorial_interfaces/msg/rosidl_generator_c__visibility_control.h
[6.357s] -- Installing: /home/giulia/Desktop/project/src/tutorial_interfaces/install/tutorial_interfaces/share/tutorial_interfaces/environment/library_path.sh
[6.357s] -- Installing: /home/giulia/Desktop/project/src/tutorial_interfaces/install/tutorial_interfaces/share/tutorial_interfaces/environment/library_path.dsv
[6.357s] -- Installing: /home/giulia/Desktop/project/src/tutorial_interfaces/install/tutorial_interfaces/lib/libtutorial_interfaces__rosidl_generator_c.so
[6.357s] -- Set runtime path of "/home/giulia/Desktop/project/src/tutorial_interfaces/install/tutorial_interfaces/lib/libtutorial_interfaces__rosidl_generator_c.so" to ""
[6.357s] -- Up-to-date: /home/giulia/Desktop/project/src/tutorial_interfaces/install/tutorial_interfaces/include/tutorial_interfaces
[6.358s] -- Up-to-date: /home/giulia/Desktop/project/src/tutorial_interfaces/install/tutorial_interfaces/include/tutorial_interfaces/srv
[6.358s] -- Up-to-date: /home/giulia/Desktop/project/src/tutorial_interfaces/install/tutorial_interfaces/include/tutorial_interfaces/srv/detail
[6.358s] -- Installing: /home/giulia/Desktop/project/src/tutorial_interfaces/install/tutorial_interfaces/include/tutorial_interfaces/srv/detail/change_state__rosidl_typesupport_fastrtps_c.h
[6.358s] -- Up-to-date: /home/giulia/Desktop/project/src/tutorial_interfaces/install/tutorial_interfaces/include/tutorial_interfaces/msg
[6.358s] -- Installing: /home/giulia/Desktop/project/src/tutorial_interfaces/install/tutorial_interfaces/include/tutorial_interfaces/msg/rosidl_typesupport_fastrtps_c__visibility_control.h
[6.358s] -- Installing: /home/giulia/Desktop/project/src/tutorial_interfaces/install/tutorial_interfaces/lib/libtutorial_interfaces__rosidl_typesupport_fastrtps_c.so
[6.359s] -- Set runtime path of "/home/giulia/Desktop/project/src/tutorial_interfaces/install/tutorial_interfaces/lib/libtutorial_interfaces__rosidl_typesupport_fastrtps_c.so" to ""
[6.359s] -- Up-to-date: /home/giulia/Desktop/project/src/tutorial_interfaces/install/tutorial_interfaces/include/tutorial_interfaces
[6.359s] -- Up-to-date: /home/giulia/Desktop/project/src/tutorial_interfaces/install/tutorial_interfaces/include/tutorial_interfaces/srv
[6.359s] -- Up-to-date: /home/giulia/Desktop/project/src/tutorial_interfaces/install/tutorial_interfaces/include/tutorial_interfaces/srv/detail
[6.359s] -- Installing: /home/giulia/Desktop/project/src/tutorial_interfaces/install/tutorial_interfaces/include/tutorial_interfaces/srv/detail/dds_fastrtps
[6.359s] -- Installing: /home/giulia/Desktop/project/src/tutorial_interfaces/install/tutorial_interfaces/include/tutorial_interfaces/srv/detail/change_state__rosidl_typesupport_fastrtps_cpp.hpp
[6.360s] -- Up-to-date: /home/giulia/Desktop/project/src/tutorial_interfaces/install/tutorial_interfaces/include/tutorial_interfaces/msg
[6.360s] -- Installing: /home/giulia/Desktop/project/src/tutorial_interfaces/install/tutorial_interfaces/include/tutorial_interfaces/msg/rosidl_typesupport_fastrtps_cpp__visibility_control.h
[6.360s] -- Installing: /home/giulia/Desktop/project/src/tutorial_interfaces/install/tutorial_interfaces/lib/libtutorial_interfaces__rosidl_typesupport_fastrtps_cpp.so
[6.360s] -- Set runtime path of "/home/giulia/Desktop/project/src/tutorial_interfaces/install/tutorial_interfaces/lib/libtutorial_interfaces__rosidl_typesupport_fastrtps_cpp.so" to ""
[6.360s] -- Up-to-date: /home/giulia/Desktop/project/src/tutorial_interfaces/install/tutorial_interfaces/include/tutorial_interfaces
[6.360s] -- Up-to-date: /home/giulia/Desktop/project/src/tutorial_interfaces/install/tutorial_interfaces/include/tutorial_interfaces/srv
[6.360s] -- Up-to-date: /home/giulia/Desktop/project/src/tutorial_interfaces/install/tutorial_interfaces/include/tutorial_interfaces/srv/detail
[6.361s] -- Installing: /home/giulia/Desktop/project/src/tutorial_interfaces/install/tutorial_interfaces/include/tutorial_interfaces/srv/detail/change_state__rosidl_typesupport_introspection_c.h
[6.361s] -- Installing: /home/giulia/Desktop/project/src/tutorial_interfaces/install/tutorial_interfaces/include/tutorial_interfaces/srv/detail/change_state__type_support.c
[6.361s] -- Up-to-date: /home/giulia/Desktop/project/src/tutorial_interfaces/install/tutorial_interfaces/include/tutorial_interfaces/msg
[6.361s] -- Installing: /home/giulia/Desktop/project/src/tutorial_interfaces/install/tutorial_interfaces/include/tutorial_interfaces/msg/rosidl_typesupport_introspection_c__visibility_control.h
[6.361s] -- Installing: /home/giulia/Desktop/project/src/tutorial_interfaces/install/tutorial_interfaces/lib/libtutorial_interfaces__rosidl_typesupport_introspection_c.so
[6.361s] -- Set runtime path of "/home/giulia/Desktop/project/src/tutorial_interfaces/install/tutorial_interfaces/lib/libtutorial_interfaces__rosidl_typesupport_introspection_c.so" to ""
[6.361s] -- Installing: /home/giulia/Desktop/project/src/tutorial_interfaces/install/tutorial_interfaces/lib/libtutorial_interfaces__rosidl_typesupport_c.so
[6.362s] -- Set runtime path of "/home/giulia/Desktop/project/src/tutorial_interfaces/install/tutorial_interfaces/lib/libtutorial_interfaces__rosidl_typesupport_c.so" to ""
[6.362s] -- Up-to-date: /home/giulia/Desktop/project/src/tutorial_interfaces/install/tutorial_interfaces/include/tutorial_interfaces
[6.362s] -- Up-to-date: /home/giulia/Desktop/project/src/tutorial_interfaces/install/tutorial_interfaces/include/tutorial_interfaces/srv
[6.362s] -- Installing: /home/giulia/Desktop/project/src/tutorial_interfaces/install/tutorial_interfaces/include/tutorial_interfaces/srv/change_state.hpp
[6.362s] -- Up-to-date: /home/giulia/Desktop/project/src/tutorial_interfaces/install/tutorial_interfaces/include/tutorial_interfaces/srv/detail
[6.362s] -- Installing: /home/giulia/Desktop/project/src/tutorial_interfaces/install/tutorial_interfaces/include/tutorial_interfaces/srv/detail/change_state__traits.hpp
[6.363s] -- Installing: /home/giulia/Desktop/project/src/tutorial_interfaces/install/tutorial_interfaces/include/tutorial_interfaces/srv/detail/change_state__struct.hpp
[6.363s] -- Installing: /home/giulia/Desktop/project/src/tutorial_interfaces/install/tutorial_interfaces/include/tutorial_interfaces/srv/detail/change_state__type_support.hpp
[6.363s] -- Installing: /home/giulia/Desktop/project/src/tutorial_interfaces/install/tutorial_interfaces/include/tutorial_interfaces/srv/detail/change_state__builder.hpp
[6.363s] -- Up-to-date: /home/giulia/Desktop/project/src/tutorial_interfaces/install/tutorial_interfaces/include/tutorial_interfaces/msg
[6.363s] -- Installing: /home/giulia/Desktop/project/src/tutorial_interfaces/install/tutorial_interfaces/include/tutorial_interfaces/msg/rosidl_generator_cpp__visibility_control.hpp
[6.363s] -- Up-to-date: /home/giulia/Desktop/project/src/tutorial_interfaces/install/tutorial_interfaces/include/tutorial_interfaces
[6.364s] -- Up-to-date: /home/giulia/Desktop/project/src/tutorial_interfaces/install/tutorial_interfaces/include/tutorial_interfaces/srv
[6.364s] -- Up-to-date: /home/giulia/Desktop/project/src/tutorial_interfaces/install/tutorial_interfaces/include/tutorial_interfaces/srv/detail
[6.364s] -- Installing: /home/giulia/Desktop/project/src/tutorial_interfaces/install/tutorial_interfaces/include/tutorial_interfaces/srv/detail/change_state__type_support.cpp
[6.364s] -- Installing: /home/giulia/Desktop/project/src/tutorial_interfaces/install/tutorial_interfaces/include/tutorial_interfaces/srv/detail/change_state__rosidl_typesupport_introspection_cpp.hpp
[6.364s] -- Installing: /home/giulia/Desktop/project/src/tutorial_interfaces/install/tutorial_interfaces/lib/libtutorial_interfaces__rosidl_typesupport_introspection_cpp.so
[6.364s] -- Set runtime path of "/home/giulia/Desktop/project/src/tutorial_interfaces/install/tutorial_interfaces/lib/libtutorial_interfaces__rosidl_typesupport_introspection_cpp.so" to ""
[6.364s] -- Installing: /home/giulia/Desktop/project/src/tutorial_interfaces/install/tutorial_interfaces/lib/libtutorial_interfaces__rosidl_typesupport_cpp.so
[6.365s] -- Set runtime path of "/home/giulia/Desktop/project/src/tutorial_interfaces/install/tutorial_interfaces/lib/libtutorial_interfaces__rosidl_typesupport_cpp.so" to ""
[6.365s] -- Installing: /home/giulia/Desktop/project/src/tutorial_interfaces/install/tutorial_interfaces/share/tutorial_interfaces/environment/pythonpath.sh
[6.365s] -- Installing: /home/giulia/Desktop/project/src/tutorial_interfaces/install/tutorial_interfaces/share/tutorial_interfaces/environment/pythonpath.dsv
[6.365s] -- Installing: /home/giulia/Desktop/project/src/tutorial_interfaces/install/tutorial_interfaces/lib/python3.8/site-packages/tutorial_interfaces/__init__.py
[6.414s] Compiling '/home/giulia/Desktop/project/src/tutorial_interfaces/install/tutorial_interfaces/lib/python3.8/site-packages/tutorial_interfaces/__init__.py'...
[6.419s] -- Installing: /home/giulia/Desktop/project/src/tutorial_interfaces/install/tutorial_interfaces/lib/python3.8/site-packages/tutorial_interfaces/srv
[6.419s] -- Installing: /home/giulia/Desktop/project/src/tutorial_interfaces/install/tutorial_interfaces/lib/python3.8/site-packages/tutorial_interfaces/srv/_change_state_s.c
[6.419s] -- Installing: /home/giulia/Desktop/project/src/tutorial_interfaces/install/tutorial_interfaces/lib/python3.8/site-packages/tutorial_interfaces/srv/_change_state.py
[6.420s] -- Installing: /home/giulia/Desktop/project/src/tutorial_interfaces/install/tutorial_interfaces/lib/python3.8/site-packages/tutorial_interfaces/srv/__init__.py
[6.420s] -- Installing: /home/giulia/Desktop/project/src/tutorial_interfaces/install/tutorial_interfaces/lib/python3.8/site-packages/tutorial_interfaces/tutorial_interfaces_s__rosidl_typesupport_fastrtps_c.cpython-38-x86_64-linux-gnu.so
[6.421s] -- Set runtime path of "/home/giulia/Desktop/project/src/tutorial_interfaces/install/tutorial_interfaces/lib/python3.8/site-packages/tutorial_interfaces/tutorial_interfaces_s__rosidl_typesupport_fastrtps_c.cpython-38-x86_64-linux-gnu.so" to ""
[6.421s] -- Installing: /home/giulia/Desktop/project/src/tutorial_interfaces/install/tutorial_interfaces/lib/python3.8/site-packages/tutorial_interfaces/tutorial_interfaces_s__rosidl_typesupport_introspection_c.cpython-38-x86_64-linux-gnu.so
[6.422s] -- Set runtime path of "/home/giulia/Desktop/project/src/tutorial_interfaces/install/tutorial_interfaces/lib/python3.8/site-packages/tutorial_interfaces/tutorial_interfaces_s__rosidl_typesupport_introspection_c.cpython-38-x86_64-linux-gnu.so" to ""
[6.423s] -- Installing: /home/giulia/Desktop/project/src/tutorial_interfaces/install/tutorial_interfaces/lib/python3.8/site-packages/tutorial_interfaces/tutorial_interfaces_s__rosidl_typesupport_c.cpython-38-x86_64-linux-gnu.so
[6.424s] -- Set runtime path of "/home/giulia/Desktop/project/src/tutorial_interfaces/install/tutorial_interfaces/lib/python3.8/site-packages/tutorial_interfaces/tutorial_interfaces_s__rosidl_typesupport_c.cpython-38-x86_64-linux-gnu.so" to ""
[6.424s] -- Installing: /home/giulia/Desktop/project/src/tutorial_interfaces/install/tutorial_interfaces/lib/libtutorial_interfaces__python.so
[6.425s] -- Set runtime path of "/home/giulia/Desktop/project/src/tutorial_interfaces/install/tutorial_interfaces/lib/libtutorial_interfaces__python.so" to ""
[6.425s] -- Installing: /home/giulia/Desktop/project/src/tutorial_interfaces/install/tutorial_interfaces/share/tutorial_interfaces/srv/ChangeState.idl
[6.425s] -- Installing: /home/giulia/Desktop/project/src/tutorial_interfaces/install/tutorial_interfaces/share/tutorial_interfaces/srv/ChangeState.srv
[6.426s] -- Installing: /home/giulia/Desktop/project/src/tutorial_interfaces/install/tutorial_interfaces/share/tutorial_interfaces/srv/ChangeState_Request.msg
[6.426s] -- Installing: /home/giulia/Desktop/project/src/tutorial_interfaces/install/tutorial_interfaces/share/tutorial_interfaces/srv/ChangeState_Response.msg
[6.426s] -- Installing: /home/giulia/Desktop/project/src/tutorial_interfaces/install/tutorial_interfaces/share/ament_index/resource_index/package_run_dependencies/tutorial_interfaces
[6.427s] -- Installing: /home/giulia/Desktop/project/src/tutorial_interfaces/install/tutorial_interfaces/share/ament_index/resource_index/parent_prefix_path/tutorial_interfaces
[6.427s] -- Installing: /home/giulia/Desktop/project/src/tutorial_interfaces/install/tutorial_interfaces/share/tutorial_interfaces/environment/ament_prefix_path.sh
[6.427s] -- Installing: /home/giulia/Desktop/project/src/tutorial_interfaces/install/tutorial_interfaces/share/tutorial_interfaces/environment/ament_prefix_path.dsv
[6.427s] -- Installing: /home/giulia/Desktop/project/src/tutorial_interfaces/install/tutorial_interfaces/share/tutorial_interfaces/environment/path.sh
[6.428s] -- Installing: /home/giulia/Desktop/project/src/tutorial_interfaces/install/tutorial_interfaces/share/tutorial_interfaces/environment/path.dsv
[6.428s] -- Installing: /home/giulia/Desktop/project/src/tutorial_interfaces/install/tutorial_interfaces/share/tutorial_interfaces/local_setup.bash
[6.428s] -- Installing: /home/giulia/Desktop/project/src/tutorial_interfaces/install/tutorial_interfaces/share/tutorial_interfaces/local_setup.sh
[6.429s] -- Installing: /home/giulia/Desktop/project/src/tutorial_interfaces/install/tutorial_interfaces/share/tutorial_interfaces/local_setup.zsh
[6.429s] -- Installing: /home/giulia/Desktop/project/src/tutorial_interfaces/install/tutorial_interfaces/share/tutorial_interfaces/local_setup.dsv
[6.429s] -- Installing: /home/giulia/Desktop/project/src/tutorial_interfaces/install/tutorial_interfaces/share/tutorial_interfaces/package.dsv
[6.429s] -- Installing: /home/giulia/Desktop/project/src/tutorial_interfaces/install/tutorial_interfaces/share/ament_index/resource_index/packages/tutorial_interfaces
[6.430s] -- Installing: /home/giulia/Desktop/project/src/tutorial_interfaces/install/tutorial_interfaces/share/tutorial_interfaces/cmake/tutorial_interfaces__rosidl_generator_cExport.cmake
[6.430s] -- Installing: /home/giulia/Desktop/project/src/tutorial_interfaces/install/tutorial_interfaces/share/tutorial_interfaces/cmake/tutorial_interfaces__rosidl_generator_cExport-noconfig.cmake
[6.430s] -- Installing: /home/giulia/Desktop/project/src/tutorial_interfaces/install/tutorial_interfaces/share/tutorial_interfaces/cmake/tutorial_interfaces__rosidl_typesupport_introspection_cExport.cmake
[6.431s] -- Installing: /home/giulia/Desktop/project/src/tutorial_interfaces/install/tutorial_interfaces/share/tutorial_interfaces/cmake/tutorial_interfaces__rosidl_typesupport_introspection_cExport-noconfig.cmake
[6.431s] -- Installing: /home/giulia/Desktop/project/src/tutorial_interfaces/install/tutorial_interfaces/share/tutorial_interfaces/cmake/tutorial_interfaces__rosidl_typesupport_cExport.cmake
[6.432s] -- Installing: /home/giulia/Desktop/project/src/tutorial_interfaces/install/tutorial_interfaces/share/tutorial_interfaces/cmake/tutorial_interfaces__rosidl_typesupport_cExport-noconfig.cmake
[6.432s] -- Installing: /home/giulia/Desktop/project/src/tutorial_interfaces/install/tutorial_interfaces/share/tutorial_interfaces/cmake/tutorial_interfaces__rosidl_generator_cppExport.cmake
[6.432s] -- Installing: /home/giulia/Desktop/project/src/tutorial_interfaces/install/tutorial_interfaces/share/tutorial_interfaces/cmake/tutorial_interfaces__rosidl_typesupport_introspection_cppExport.cmake
[6.433s] -- Installing: /home/giulia/Desktop/project/src/tutorial_interfaces/install/tutorial_interfaces/share/tutorial_interfaces/cmake/tutorial_interfaces__rosidl_typesupport_introspection_cppExport-noconfig.cmake
[6.433s] -- Installing: /home/giulia/Desktop/project/src/tutorial_interfaces/install/tutorial_interfaces/share/tutorial_interfaces/cmake/tutorial_interfaces__rosidl_typesupport_cppExport.cmake
[6.433s] -- Installing: /home/giulia/Desktop/project/src/tutorial_interfaces/install/tutorial_interfaces/share/tutorial_interfaces/cmake/tutorial_interfaces__rosidl_typesupport_cppExport-noconfig.cmake
[6.434s] -- Installing: /home/giulia/Desktop/project/src/tutorial_interfaces/install/tutorial_interfaces/share/tutorial_interfaces/cmake/rosidl_cmake-extras.cmake
[6.434s] -- Installing: /home/giulia/Desktop/project/src/tutorial_interfaces/install/tutorial_interfaces/share/tutorial_interfaces/cmake/ament_cmake_export_dependencies-extras.cmake
[6.434s] -- Installing: /home/giulia/Desktop/project/src/tutorial_interfaces/install/tutorial_interfaces/share/tutorial_interfaces/cmake/ament_cmake_export_libraries-extras.cmake
[6.434s] -- Installing: /home/giulia/Desktop/project/src/tutorial_interfaces/install/tutorial_interfaces/share/tutorial_interfaces/cmake/ament_cmake_export_targets-extras.cmake
[6.435s] -- Installing: /home/giulia/Desktop/project/src/tutorial_interfaces/install/tutorial_interfaces/share/tutorial_interfaces/cmake/ament_cmake_export_include_directories-extras.cmake
[6.435s] -- Installing: /home/giulia/Desktop/project/src/tutorial_interfaces/install/tutorial_interfaces/share/tutorial_interfaces/cmake/rosidl_cmake_export_typesupport_libraries-extras.cmake
[6.435s] -- Installing: /home/giulia/Desktop/project/src/tutorial_interfaces/install/tutorial_interfaces/share/tutorial_interfaces/cmake/rosidl_cmake_export_typesupport_targets-extras.cmake
[6.435s] -- Installing: /home/giulia/Desktop/project/src/tutorial_interfaces/install/tutorial_interfaces/share/tutorial_interfaces/cmake/tutorial_interfacesConfig.cmake
[6.436s] -- Installing: /home/giulia/Desktop/project/src/tutorial_interfaces/install/tutorial_interfaces/share/tutorial_interfaces/cmake/tutorial_interfacesConfig-version.cmake
[6.436s] -- Installing: /home/giulia/Desktop/project/src/tutorial_interfaces/install/tutorial_interfaces/share/tutorial_interfaces/package.xml
[6.441s] Invoked command in '/home/giulia/Desktop/project/src/tutorial_interfaces/build/tutorial_interfaces' returned '0': CMAKE_PREFIX_PATH=${CMAKE_PREFIX_PATH}:/opt/ros/foxy:/home/giulia/Desktop/project/install/f1tenth_strategy_node /usr/bin/cmake --install /home/giulia/Desktop/project/src/tutorial_interfaces/build/tutorial_interfaces
