[0.382s] DEBUG:colcon:Command line arguments: ['/usr/bin/colcon', 'build', '--packages-select', 'tutorial_interfaces']
[0.383s] DEBUG:colcon:Parsed command line arguments: Namespace(allow_overriding=[], ament_cmake_args=None, base_paths=['.'], build_base='build', catkin_cmake_args=None, catkin_skip_building_tests=False, cmake_args=None, cmake_clean_cache=False, cmake_clean_first=False, cmake_force_configure=False, cmake_target=None, cmake_target_skip_unavailable=False, continue_on_error=False, event_handlers=None, executor='parallel', ignore_user_meta=False, install_base='install', log_base=None, log_level=None, main=<bound method BuildVerb.main of <colcon_core.verb.build.BuildVerb object at 0x7fa1afca3be0>>, merge_install=False, metas=['./colcon.meta'], packages_above=None, packages_above_and_dependencies=None, packages_above_depth=None, packages_end=None, packages_ignore=None, packages_ignore_regex=None, packages_select=['tutorial_interfaces'], packages_select_build_failed=False, packages_select_by_dep=None, packages_select_regex=None, packages_select_test_failures=False, packages_skip=None, packages_skip_build_finished=False, packages_skip_by_dep=None, packages_skip_regex=None, packages_skip_test_passed=False, packages_skip_up_to=None, packages_start=None, packages_up_to=None, packages_up_to_regex=None, parallel_workers=4, paths=None, symlink_install=False, test_result_base=None, verb_extension=<colcon_core.verb.build.BuildVerb object at 0x7fa1afca3be0>, verb_name='build', verb_parser=<colcon_defaults.argument_parser.defaults.DefaultArgumentsDecorator object at 0x7fa1afc2c190>)
[0.415s] Level 1:colcon.colcon_core.package_discovery:discover_packages(colcon_meta) check parameters
[0.416s] Level 1:colcon.colcon_core.package_discovery:discover_packages(recursive) check parameters
[0.416s] Level 1:colcon.colcon_core.package_discovery:discover_packages(ignore) check parameters
[0.416s] Level 1:colcon.colcon_core.package_discovery:discover_packages(path) check parameters
[0.416s] Level 1:colcon.colcon_core.package_discovery:discover_packages(colcon_meta) discover
[0.416s] Level 1:colcon.colcon_core.package_discovery:discover_packages(recursive) discover
[0.416s] INFO:colcon.colcon_core.package_discovery:Crawling recursively for packages in '/home/giulia/Desktop/project/src/tutorial_interfaces'
[0.416s] Level 1:colcon.colcon_core.package_identification:_identify(.) by extensions ['ignore', 'ignore_ament_install']
[0.416s] Level 1:colcon.colcon_core.package_identification:_identify(.) by extension 'ignore'
[0.416s] Level 1:colcon.colcon_core.package_identification:_identify(.) by extension 'ignore_ament_install'
[0.416s] Level 1:colcon.colcon_core.package_identification:_identify(.) by extensions ['colcon_pkg']
[0.416s] Level 1:colcon.colcon_core.package_identification:_identify(.) by extension 'colcon_pkg'
[0.416s] Level 1:colcon.colcon_core.package_identification:_identify(.) by extensions ['colcon_meta']
[0.416s] Level 1:colcon.colcon_core.package_identification:_identify(.) by extension 'colcon_meta'
[0.416s] Level 1:colcon.colcon_core.package_identification:_identify(.) by extensions ['ros']
[0.417s] Level 1:colcon.colcon_core.package_identification:_identify(.) by extension 'ros'
[0.446s] DEBUG:colcon.colcon_core.package_identification:Package '.' with type 'ros.ament_cmake' and name 'tutorial_interfaces'
[0.446s] Level 1:colcon.colcon_core.package_discovery:discover_packages(recursive) using defaults
[0.447s] Level 1:colcon.colcon_core.package_discovery:discover_packages(ignore) discover
[0.447s] Level 1:colcon.colcon_core.package_discovery:discover_packages(ignore) using defaults
[0.447s] Level 1:colcon.colcon_core.package_discovery:discover_packages(path) discover
[0.447s] Level 1:colcon.colcon_core.package_discovery:discover_packages(path) using defaults
[0.479s] Level 1:colcon.colcon_core.package_discovery:discover_packages(prefix_path) check parameters
[0.479s] Level 1:colcon.colcon_core.package_discovery:discover_packages(prefix_path) discover
[0.483s] DEBUG:colcon.colcon_installed_package_information.package_discovery:Found 7 installed packages in /home/giulia/Desktop/project/install
[0.487s] DEBUG:colcon.colcon_installed_package_information.package_discovery:Found 256 installed packages in /opt/ros/foxy
[0.491s] Level 1:colcon.colcon_core.package_discovery:discover_packages(prefix_path) using defaults
[0.584s] Level 5:colcon.colcon_core.verb:set package 'tutorial_interfaces' build argument 'cmake_args' from command line to 'None'
[0.584s] Level 5:colcon.colcon_core.verb:set package 'tutorial_interfaces' build argument 'cmake_target' from command line to 'None'
[0.584s] Level 5:colcon.colcon_core.verb:set package 'tutorial_interfaces' build argument 'cmake_target_skip_unavailable' from command line to 'False'
[0.584s] Level 5:colcon.colcon_core.verb:set package 'tutorial_interfaces' build argument 'cmake_clean_cache' from command line to 'False'
[0.584s] Level 5:colcon.colcon_core.verb:set package 'tutorial_interfaces' build argument 'cmake_clean_first' from command line to 'False'
[0.584s] Level 5:colcon.colcon_core.verb:set package 'tutorial_interfaces' build argument 'cmake_force_configure' from command line to 'False'
[0.584s] Level 5:colcon.colcon_core.verb:set package 'tutorial_interfaces' build argument 'ament_cmake_args' from command line to 'None'
[0.584s] Level 5:colcon.colcon_core.verb:set package 'tutorial_interfaces' build argument 'catkin_cmake_args' from command line to 'None'
[0.584s] Level 5:colcon.colcon_core.verb:set package 'tutorial_interfaces' build argument 'catkin_skip_building_tests' from command line to 'False'
[0.584s] DEBUG:colcon.colcon_core.verb:Building package 'tutorial_interfaces' with the following arguments: {'ament_cmake_args': None, 'build_base': '/home/giulia/Desktop/project/src/tutorial_interfaces/build/tutorial_interfaces', 'catkin_cmake_args': None, 'catkin_skip_building_tests': False, 'cmake_args': None, 'cmake_clean_cache': False, 'cmake_clean_first': False, 'cmake_force_configure': False, 'cmake_target': None, 'cmake_target_skip_unavailable': False, 'install_base': '/home/giulia/Desktop/project/src/tutorial_interfaces/install/tutorial_interfaces', 'merge_install': False, 'path': '/home/giulia/Desktop/project/src/tutorial_interfaces', 'symlink_install': False, 'test_result_base': None}
[0.585s] INFO:colcon.colcon_core.executor:Executing jobs using 'parallel' executor
[0.589s] DEBUG:colcon.colcon_parallel_executor.executor.parallel:run_until_complete
[0.590s] INFO:colcon.colcon_ros.task.ament_cmake.build:Building ROS package in '/home/giulia/Desktop/project/src/tutorial_interfaces' with build type 'ament_cmake'
[0.590s] INFO:colcon.colcon_cmake.task.cmake.build:Building CMake package in '/home/giulia/Desktop/project/src/tutorial_interfaces'
[0.596s] INFO:colcon.colcon_core.plugin_system:Skipping extension 'colcon_core.shell.bat': Not used on non-Windows systems
[0.596s] INFO:colcon.colcon_core.shell:Skip shell extension 'powershell' for command environment: Not usable outside of PowerShell
[0.596s] DEBUG:colcon.colcon_core.shell:Skip shell extension 'dsv' for command environment
[0.613s] DEBUG:colcon.colcon_core.event_handler.log_command:Invoking command in '/home/giulia/Desktop/project/src/tutorial_interfaces/build/tutorial_interfaces': CMAKE_PREFIX_PATH=${CMAKE_PREFIX_PATH}:/opt/ros/foxy:/home/giulia/Desktop/project/install/f1tenth_strategy_node /usr/bin/cmake /home/giulia/Desktop/project/src/tutorial_interfaces -DCMAKE_INSTALL_PREFIX=/home/giulia/Desktop/project/src/tutorial_interfaces/install/tutorial_interfaces
[1.806s] DEBUG:colcon.colcon_core.event_handler.log_command:Invoked command in '/home/giulia/Desktop/project/src/tutorial_interfaces/build/tutorial_interfaces' returned '0': CMAKE_PREFIX_PATH=${CMAKE_PREFIX_PATH}:/opt/ros/foxy:/home/giulia/Desktop/project/install/f1tenth_strategy_node /usr/bin/cmake /home/giulia/Desktop/project/src/tutorial_interfaces -DCMAKE_INSTALL_PREFIX=/home/giulia/Desktop/project/src/tutorial_interfaces/install/tutorial_interfaces
[1.807s] DEBUG:colcon.colcon_core.event_handler.log_command:Invoking command in '/home/giulia/Desktop/project/src/tutorial_interfaces/build/tutorial_interfaces': CMAKE_PREFIX_PATH=${CMAKE_PREFIX_PATH}:/opt/ros/foxy:/home/giulia/Desktop/project/install/f1tenth_strategy_node /usr/bin/cmake --build /home/giulia/Desktop/project/src/tutorial_interfaces/build/tutorial_interfaces -- -j4 -l4
[6.833s] DEBUG:colcon.colcon_core.event_handler.log_command:Invoked command in '/home/giulia/Desktop/project/src/tutorial_interfaces/build/tutorial_interfaces' returned '0': CMAKE_PREFIX_PATH=${CMAKE_PREFIX_PATH}:/opt/ros/foxy:/home/giulia/Desktop/project/install/f1tenth_strategy_node /usr/bin/cmake --build /home/giulia/Desktop/project/src/tutorial_interfaces/build/tutorial_interfaces -- -j4 -l4
[6.928s] DEBUG:colcon.colcon_core.event_handler.log_command:Invoking command in '/home/giulia/Desktop/project/src/tutorial_interfaces/build/tutorial_interfaces': CMAKE_PREFIX_PATH=${CMAKE_PREFIX_PATH}:/opt/ros/foxy:/home/giulia/Desktop/project/install/f1tenth_strategy_node /usr/bin/cmake --install /home/giulia/Desktop/project/src/tutorial_interfaces/build/tutorial_interfaces
[7.030s] Level 1:colcon.colcon_core.environment:create_environment_scripts_only(tutorial_interfaces)
[7.031s] DEBUG:colcon.colcon_core.event_handler.log_command:Invoked command in '/home/giulia/Desktop/project/src/tutorial_interfaces/build/tutorial_interfaces' returned '0': CMAKE_PREFIX_PATH=${CMAKE_PREFIX_PATH}:/opt/ros/foxy:/home/giulia/Desktop/project/install/f1tenth_strategy_node /usr/bin/cmake --install /home/giulia/Desktop/project/src/tutorial_interfaces/build/tutorial_interfaces
[7.039s] Level 1:colcon.colcon_core.environment:checking '/home/giulia/Desktop/project/src/tutorial_interfaces/install/tutorial_interfaces' for CMake module files
[7.040s] Level 1:colcon.colcon_core.environment:checking '/home/giulia/Desktop/project/src/tutorial_interfaces/install/tutorial_interfaces' for CMake config files
[7.041s] Level 1:colcon.colcon_core.shell:create_environment_hook('tutorial_interfaces', 'cmake_prefix_path')
[7.043s] INFO:colcon.colcon_core.shell:Creating environment hook '/home/giulia/Desktop/project/src/tutorial_interfaces/install/tutorial_interfaces/share/tutorial_interfaces/hook/cmake_prefix_path.ps1'
[7.044s] INFO:colcon.colcon_core.shell:Creating environment descriptor '/home/giulia/Desktop/project/src/tutorial_interfaces/install/tutorial_interfaces/share/tutorial_interfaces/hook/cmake_prefix_path.dsv'
[7.045s] INFO:colcon.colcon_core.shell:Creating environment hook '/home/giulia/Desktop/project/src/tutorial_interfaces/install/tutorial_interfaces/share/tutorial_interfaces/hook/cmake_prefix_path.sh'
[7.046s] Level 1:colcon.colcon_core.environment:checking '/home/giulia/Desktop/project/src/tutorial_interfaces/install/tutorial_interfaces/lib'
[7.046s] Level 1:colcon.colcon_core.shell:create_environment_hook('tutorial_interfaces', 'ld_library_path_lib')
[7.048s] INFO:colcon.colcon_core.shell:Creating environment hook '/home/giulia/Desktop/project/src/tutorial_interfaces/install/tutorial_interfaces/share/tutorial_interfaces/hook/ld_library_path_lib.ps1'
[7.049s] INFO:colcon.colcon_core.shell:Creating environment descriptor '/home/giulia/Desktop/project/src/tutorial_interfaces/install/tutorial_interfaces/share/tutorial_interfaces/hook/ld_library_path_lib.dsv'
[7.049s] INFO:colcon.colcon_core.shell:Creating environment hook '/home/giulia/Desktop/project/src/tutorial_interfaces/install/tutorial_interfaces/share/tutorial_interfaces/hook/ld_library_path_lib.sh'
[7.050s] Level 1:colcon.colcon_core.environment:checking '/home/giulia/Desktop/project/src/tutorial_interfaces/install/tutorial_interfaces/bin'
[7.050s] Level 1:colcon.colcon_core.environment:checking '/home/giulia/Desktop/project/src/tutorial_interfaces/install/tutorial_interfaces/lib/pkgconfig/tutorial_interfaces.pc'
[7.050s] Level 1:colcon.colcon_core.environment:checking '/home/giulia/Desktop/project/src/tutorial_interfaces/install/tutorial_interfaces/lib/python3.8/site-packages'
[7.050s] Level 1:colcon.colcon_core.shell:create_environment_hook('tutorial_interfaces', 'pythonpath')
[7.052s] INFO:colcon.colcon_core.shell:Creating environment hook '/home/giulia/Desktop/project/src/tutorial_interfaces/install/tutorial_interfaces/share/tutorial_interfaces/hook/pythonpath.ps1'
[7.053s] INFO:colcon.colcon_core.shell:Creating environment descriptor '/home/giulia/Desktop/project/src/tutorial_interfaces/install/tutorial_interfaces/share/tutorial_interfaces/hook/pythonpath.dsv'
[7.053s] INFO:colcon.colcon_core.shell:Creating environment hook '/home/giulia/Desktop/project/src/tutorial_interfaces/install/tutorial_interfaces/share/tutorial_interfaces/hook/pythonpath.sh'
[7.054s] Level 1:colcon.colcon_core.environment:checking '/home/giulia/Desktop/project/src/tutorial_interfaces/install/tutorial_interfaces/bin'
[7.056s] INFO:colcon.colcon_core.shell:Creating package script '/home/giulia/Desktop/project/src/tutorial_interfaces/install/tutorial_interfaces/share/tutorial_interfaces/package.ps1'
[7.057s] INFO:colcon.colcon_core.shell:Creating package descriptor '/home/giulia/Desktop/project/src/tutorial_interfaces/install/tutorial_interfaces/share/tutorial_interfaces/package.dsv'
[7.058s] INFO:colcon.colcon_core.shell:Creating package script '/home/giulia/Desktop/project/src/tutorial_interfaces/install/tutorial_interfaces/share/tutorial_interfaces/package.sh'
[7.059s] INFO:colcon.colcon_core.shell:Creating package script '/home/giulia/Desktop/project/src/tutorial_interfaces/install/tutorial_interfaces/share/tutorial_interfaces/package.bash'
[7.060s] INFO:colcon.colcon_core.shell:Creating package script '/home/giulia/Desktop/project/src/tutorial_interfaces/install/tutorial_interfaces/share/tutorial_interfaces/package.zsh'
[7.061s] Level 1:colcon.colcon_core.environment:create_file_with_runtime_dependencies(/home/giulia/Desktop/project/src/tutorial_interfaces/install/tutorial_interfaces/share/colcon-core/packages/tutorial_interfaces)
[7.137s] Level 1:colcon.colcon_core.environment:create_environment_scripts_only(tutorial_interfaces)
[7.140s] Level 1:colcon.colcon_core.environment:checking '/home/giulia/Desktop/project/src/tutorial_interfaces/install/tutorial_interfaces' for CMake module files
[7.141s] Level 1:colcon.colcon_core.environment:checking '/home/giulia/Desktop/project/src/tutorial_interfaces/install/tutorial_interfaces' for CMake config files
[7.142s] Level 1:colcon.colcon_core.shell:create_environment_hook('tutorial_interfaces', 'cmake_prefix_path')
[7.144s] INFO:colcon.colcon_core.shell:Creating environment hook '/home/giulia/Desktop/project/src/tutorial_interfaces/install/tutorial_interfaces/share/tutorial_interfaces/hook/cmake_prefix_path.ps1'
[7.145s] INFO:colcon.colcon_core.shell:Creating environment descriptor '/home/giulia/Desktop/project/src/tutorial_interfaces/install/tutorial_interfaces/share/tutorial_interfaces/hook/cmake_prefix_path.dsv'
[7.146s] INFO:colcon.colcon_core.shell:Creating environment hook '/home/giulia/Desktop/project/src/tutorial_interfaces/install/tutorial_interfaces/share/tutorial_interfaces/hook/cmake_prefix_path.sh'
[7.146s] Level 1:colcon.colcon_core.environment:checking '/home/giulia/Desktop/project/src/tutorial_interfaces/install/tutorial_interfaces/lib'
[7.147s] Level 1:colcon.colcon_core.shell:create_environment_hook('tutorial_interfaces', 'ld_library_path_lib')
[7.149s] INFO:colcon.colcon_core.shell:Creating environment hook '/home/giulia/Desktop/project/src/tutorial_interfaces/install/tutorial_interfaces/share/tutorial_interfaces/hook/ld_library_path_lib.ps1'
[7.149s] INFO:colcon.colcon_core.shell:Creating environment descriptor '/home/giulia/Desktop/project/src/tutorial_interfaces/install/tutorial_interfaces/share/tutorial_interfaces/hook/ld_library_path_lib.dsv'
[7.150s] INFO:colcon.colcon_core.shell:Creating environment hook '/home/giulia/Desktop/project/src/tutorial_interfaces/install/tutorial_interfaces/share/tutorial_interfaces/hook/ld_library_path_lib.sh'
[7.150s] Level 1:colcon.colcon_core.environment:checking '/home/giulia/Desktop/project/src/tutorial_interfaces/install/tutorial_interfaces/bin'
[7.150s] Level 1:colcon.colcon_core.environment:checking '/home/giulia/Desktop/project/src/tutorial_interfaces/install/tutorial_interfaces/lib/pkgconfig/tutorial_interfaces.pc'
[7.151s] Level 1:colcon.colcon_core.environment:checking '/home/giulia/Desktop/project/src/tutorial_interfaces/install/tutorial_interfaces/lib/python3.8/site-packages'
[7.151s] Level 1:colcon.colcon_core.shell:create_environment_hook('tutorial_interfaces', 'pythonpath')
[7.153s] INFO:colcon.colcon_core.shell:Creating environment hook '/home/giulia/Desktop/project/src/tutorial_interfaces/install/tutorial_interfaces/share/tutorial_interfaces/hook/pythonpath.ps1'
[7.154s] INFO:colcon.colcon_core.shell:Creating environment descriptor '/home/giulia/Desktop/project/src/tutorial_interfaces/install/tutorial_interfaces/share/tutorial_interfaces/hook/pythonpath.dsv'
[7.154s] INFO:colcon.colcon_core.shell:Creating environment hook '/home/giulia/Desktop/project/src/tutorial_interfaces/install/tutorial_interfaces/share/tutorial_interfaces/hook/pythonpath.sh'
[7.155s] Level 1:colcon.colcon_core.environment:checking '/home/giulia/Desktop/project/src/tutorial_interfaces/install/tutorial_interfaces/bin'
[7.157s] INFO:colcon.colcon_core.shell:Creating package script '/home/giulia/Desktop/project/src/tutorial_interfaces/install/tutorial_interfaces/share/tutorial_interfaces/package.ps1'
[7.158s] INFO:colcon.colcon_core.shell:Creating package descriptor '/home/giulia/Desktop/project/src/tutorial_interfaces/install/tutorial_interfaces/share/tutorial_interfaces/package.dsv'
[7.159s] INFO:colcon.colcon_core.shell:Creating package script '/home/giulia/Desktop/project/src/tutorial_interfaces/install/tutorial_interfaces/share/tutorial_interfaces/package.sh'
[7.160s] INFO:colcon.colcon_core.shell:Creating package script '/home/giulia/Desktop/project/src/tutorial_interfaces/install/tutorial_interfaces/share/tutorial_interfaces/package.bash'
[7.161s] INFO:colcon.colcon_core.shell:Creating package script '/home/giulia/Desktop/project/src/tutorial_interfaces/install/tutorial_interfaces/share/tutorial_interfaces/package.zsh'
[7.161s] Level 1:colcon.colcon_core.environment:create_file_with_runtime_dependencies(/home/giulia/Desktop/project/src/tutorial_interfaces/install/tutorial_interfaces/share/colcon-core/packages/tutorial_interfaces)
[7.162s] DEBUG:colcon.colcon_parallel_executor.executor.parallel:closing loop
[7.162s] DEBUG:colcon.colcon_parallel_executor.executor.parallel:loop closed
[7.163s] DEBUG:colcon.colcon_parallel_executor.executor.parallel:run_until_complete finished with '0'
[7.163s] DEBUG:colcon.colcon_core.event_reactor:joining thread
[7.172s] INFO:colcon.colcon_core.plugin_system:Skipping extension 'colcon_notification.desktop_notification.terminal_notifier': Not used on non-Darwin systems
[7.172s] INFO:colcon.colcon_core.plugin_system:Skipping extension 'colcon_notification.desktop_notification.win32': Not used on non-Windows systems
[7.172s] INFO:colcon.colcon_notification.desktop_notification:Sending desktop notification using 'notify2'
[7.200s] DEBUG:colcon.colcon_core.event_reactor:joined thread
[7.203s] INFO:colcon.colcon_core.shell:Creating prefix script '/home/giulia/Desktop/project/src/tutorial_interfaces/install/local_setup.ps1'
[7.205s] INFO:colcon.colcon_core.shell:Creating prefix util module '/home/giulia/Desktop/project/src/tutorial_interfaces/install/_local_setup_util_ps1.py'
[7.208s] INFO:colcon.colcon_core.shell:Creating prefix chain script '/home/giulia/Desktop/project/src/tutorial_interfaces/install/setup.ps1'
[7.211s] INFO:colcon.colcon_core.shell:Creating prefix script '/home/giulia/Desktop/project/src/tutorial_interfaces/install/local_setup.sh'
[7.212s] INFO:colcon.colcon_core.shell:Creating prefix util module '/home/giulia/Desktop/project/src/tutorial_interfaces/install/_local_setup_util_sh.py'
[7.213s] INFO:colcon.colcon_core.shell:Creating prefix chain script '/home/giulia/Desktop/project/src/tutorial_interfaces/install/setup.sh'
[7.216s] INFO:colcon.colcon_core.shell:Creating prefix script '/home/giulia/Desktop/project/src/tutorial_interfaces/install/local_setup.bash'
[7.216s] INFO:colcon.colcon_core.shell:Creating prefix chain script '/home/giulia/Desktop/project/src/tutorial_interfaces/install/setup.bash'
[7.220s] INFO:colcon.colcon_core.shell:Creating prefix script '/home/giulia/Desktop/project/src/tutorial_interfaces/install/local_setup.zsh'
[7.221s] INFO:colcon.colcon_core.shell:Creating prefix chain script '/home/giulia/Desktop/project/src/tutorial_interfaces/install/setup.zsh'
