[1.417s] DEBUG:colcon:Command line arguments: ['/usr/bin/colcon', 'build', '--symlink-install']
[1.417s] DEBUG:colcon:Parsed command line arguments: Namespace(allow_overriding=[], ament_cmake_args=None, base_paths=['.'], build_base='build', catkin_cmake_args=None, catkin_skip_building_tests=False, cmake_args=None, cmake_clean_cache=False, cmake_clean_first=False, cmake_force_configure=False, cmake_target=None, cmake_target_skip_unavailable=False, continue_on_error=False, event_handlers=None, executor='parallel', ignore_user_meta=False, install_base='install', log_base=None, log_level=None, main=<bound method BuildVerb.main of <colcon_core.verb.build.BuildVerb object at 0x7f8b2c8590d0>>, merge_install=False, metas=['./colcon.meta'], packages_above=None, packages_above_and_dependencies=None, packages_above_depth=None, packages_end=None, packages_ignore=None, packages_ignore_regex=None, packages_select=None, packages_select_build_failed=False, packages_select_by_dep=None, packages_select_regex=None, packages_select_test_failures=False, packages_skip=None, packages_skip_build_finished=False, packages_skip_by_dep=None, packages_skip_regex=None, packages_skip_test_passed=False, packages_skip_up_to=None, packages_start=None, packages_up_to=None, packages_up_to_regex=None, parallel_workers=2, paths=None, symlink_install=True, test_result_base=None, verb_extension=<colcon_core.verb.build.BuildVerb object at 0x7f8b2c8590d0>, verb_name='build', verb_parser=<colcon_defaults.argument_parser.defaults.DefaultArgumentsDecorator object at 0x7f8b2c859610>)
[1.683s] Level 1:colcon.colcon_core.package_discovery:discover_packages(colcon_meta) check parameters
[1.684s] Level 1:colcon.colcon_core.package_discovery:discover_packages(recursive) check parameters
[1.684s] Level 1:colcon.colcon_core.package_discovery:discover_packages(ignore) check parameters
[1.684s] Level 1:colcon.colcon_core.package_discovery:discover_packages(path) check parameters
[1.684s] Level 1:colcon.colcon_core.package_discovery:discover_packages(colcon_meta) discover
[1.685s] Level 1:colcon.colcon_core.package_discovery:discover_packages(recursive) discover
[1.685s] INFO:colcon.colcon_core.package_discovery:Crawling recursively for packages in '/home/f1tenth/Desktop/project'
[1.686s] Level 1:colcon.colcon_core.package_identification:_identify(.) by extensions ['ignore', 'ignore_ament_install']
[1.686s] Level 1:colcon.colcon_core.package_identification:_identify(.) by extension 'ignore'
[1.686s] Level 1:colcon.colcon_core.package_identification:_identify(.) by extension 'ignore_ament_install'
[1.686s] Level 1:colcon.colcon_core.package_identification:_identify(.) by extensions ['colcon_pkg']
[1.686s] Level 1:colcon.colcon_core.package_identification:_identify(.) by extension 'colcon_pkg'
[1.687s] Level 1:colcon.colcon_core.package_identification:_identify(.) by extensions ['colcon_meta']
[1.687s] Level 1:colcon.colcon_core.package_identification:_identify(.) by extension 'colcon_meta'
[1.687s] Level 1:colcon.colcon_core.package_identification:_identify(.) by extensions ['ros']
[1.687s] Level 1:colcon.colcon_core.package_identification:_identify(.) by extension 'ros'
[1.749s] Level 1:colcon.colcon_core.package_identification:_identify(.) by extensions ['cmake', 'python']
[1.751s] Level 1:colcon.colcon_core.package_identification:_identify(.) by extension 'cmake'
[1.751s] Level 1:colcon.colcon_core.package_identification:_identify(.) by extension 'python'
[1.751s] Level 1:colcon.colcon_core.package_identification:_identify(.) by extensions ['python_setup_py']
[1.751s] Level 1:colcon.colcon_core.package_identification:_identify(.) by extension 'python_setup_py'
[1.752s] Level 1:colcon.colcon_core.package_identification:_identify(build) by extensions ['ignore', 'ignore_ament_install']
[1.752s] Level 1:colcon.colcon_core.package_identification:_identify(build) by extension 'ignore'
[1.752s] Level 1:colcon.colcon_core.package_identification:_identify(build) ignored
[1.753s] Level 1:colcon.colcon_core.package_identification:_identify(install) by extensions ['ignore', 'ignore_ament_install']
[1.753s] Level 1:colcon.colcon_core.package_identification:_identify(install) by extension 'ignore'
[1.753s] Level 1:colcon.colcon_core.package_identification:_identify(install) ignored
[1.754s] Level 1:colcon.colcon_core.package_identification:_identify(log) by extensions ['ignore', 'ignore_ament_install']
[1.754s] Level 1:colcon.colcon_core.package_identification:_identify(log) by extension 'ignore'
[1.754s] Level 1:colcon.colcon_core.package_identification:_identify(log) ignored
[1.755s] Level 1:colcon.colcon_core.package_identification:_identify(src) by extensions ['ignore', 'ignore_ament_install']
[1.755s] Level 1:colcon.colcon_core.package_identification:_identify(src) by extension 'ignore'
[1.756s] Level 1:colcon.colcon_core.package_identification:_identify(src) by extension 'ignore_ament_install'
[1.756s] Level 1:colcon.colcon_core.package_identification:_identify(src) by extensions ['colcon_pkg']
[1.756s] Level 1:colcon.colcon_core.package_identification:_identify(src) by extension 'colcon_pkg'
[1.756s] Level 1:colcon.colcon_core.package_identification:_identify(src) by extensions ['colcon_meta']
[1.756s] Level 1:colcon.colcon_core.package_identification:_identify(src) by extension 'colcon_meta'
[1.756s] Level 1:colcon.colcon_core.package_identification:_identify(src) by extensions ['ros']
[1.756s] Level 1:colcon.colcon_core.package_identification:_identify(src) by extension 'ros'
[1.757s] Level 1:colcon.colcon_core.package_identification:_identify(src) by extensions ['cmake', 'python']
[1.757s] Level 1:colcon.colcon_core.package_identification:_identify(src) by extension 'cmake'
[1.757s] Level 1:colcon.colcon_core.package_identification:_identify(src) by extension 'python'
[1.757s] Level 1:colcon.colcon_core.package_identification:_identify(src) by extensions ['python_setup_py']
[1.757s] Level 1:colcon.colcon_core.package_identification:_identify(src) by extension 'python_setup_py'
[1.758s] Level 1:colcon.colcon_core.package_identification:_identify(src/f1tenth_strategy_node) by extensions ['ignore', 'ignore_ament_install']
[1.758s] Level 1:colcon.colcon_core.package_identification:_identify(src/f1tenth_strategy_node) by extension 'ignore'
[1.758s] Level 1:colcon.colcon_core.package_identification:_identify(src/f1tenth_strategy_node) by extension 'ignore_ament_install'
[1.758s] Level 1:colcon.colcon_core.package_identification:_identify(src/f1tenth_strategy_node) by extensions ['colcon_pkg']
[1.758s] Level 1:colcon.colcon_core.package_identification:_identify(src/f1tenth_strategy_node) by extension 'colcon_pkg'
[1.758s] Level 1:colcon.colcon_core.package_identification:_identify(src/f1tenth_strategy_node) by extensions ['colcon_meta']
[1.759s] Level 1:colcon.colcon_core.package_identification:_identify(src/f1tenth_strategy_node) by extension 'colcon_meta'
[1.759s] Level 1:colcon.colcon_core.package_identification:_identify(src/f1tenth_strategy_node) by extensions ['ros']
[1.759s] Level 1:colcon.colcon_core.package_identification:_identify(src/f1tenth_strategy_node) by extension 'ros'
[1.771s] DEBUG:colcon.colcon_core.package_identification:Package 'src/f1tenth_strategy_node' with type 'ros.ament_python' and name 'f1tenth_strategy_node'
[1.771s] Level 1:colcon.colcon_core.package_discovery:discover_packages(recursive) using defaults
[1.771s] Level 1:colcon.colcon_core.package_discovery:discover_packages(ignore) discover
[1.772s] Level 1:colcon.colcon_core.package_discovery:discover_packages(ignore) using defaults
[1.772s] Level 1:colcon.colcon_core.package_discovery:discover_packages(path) discover
[1.772s] Level 1:colcon.colcon_core.package_discovery:discover_packages(path) using defaults
[1.901s] Level 1:colcon.colcon_core.package_discovery:discover_packages(prefix_path) check parameters
[1.901s] Level 1:colcon.colcon_core.package_discovery:discover_packages(prefix_path) discover
[1.925s] DEBUG:colcon.colcon_installed_package_information.package_discovery:Found 1 installed packages in /home/f1tenth/Desktop/project/install
[1.928s] DEBUG:colcon.colcon_installed_package_information.package_discovery:Found 1 installed packages in /home/f1tenth/sim/f1tenth_gym_ros/install
[1.933s] DEBUG:colcon.colcon_installed_package_information.package_discovery:Found 258 installed packages in /opt/ros/foxy
[1.938s] Level 1:colcon.colcon_core.package_discovery:discover_packages(prefix_path) using defaults
[2.375s] Level 5:colcon.colcon_core.verb:set package 'f1tenth_strategy_node' build argument 'cmake_args' from command line to 'None'
[2.376s] Level 5:colcon.colcon_core.verb:set package 'f1tenth_strategy_node' build argument 'cmake_target' from command line to 'None'
[2.376s] Level 5:colcon.colcon_core.verb:set package 'f1tenth_strategy_node' build argument 'cmake_target_skip_unavailable' from command line to 'False'
[2.376s] Level 5:colcon.colcon_core.verb:set package 'f1tenth_strategy_node' build argument 'cmake_clean_cache' from command line to 'False'
[2.376s] Level 5:colcon.colcon_core.verb:set package 'f1tenth_strategy_node' build argument 'cmake_clean_first' from command line to 'False'
[2.377s] Level 5:colcon.colcon_core.verb:set package 'f1tenth_strategy_node' build argument 'cmake_force_configure' from command line to 'False'
[2.377s] Level 5:colcon.colcon_core.verb:set package 'f1tenth_strategy_node' build argument 'ament_cmake_args' from command line to 'None'
[2.377s] Level 5:colcon.colcon_core.verb:set package 'f1tenth_strategy_node' build argument 'catkin_cmake_args' from command line to 'None'
[2.377s] Level 5:colcon.colcon_core.verb:set package 'f1tenth_strategy_node' build argument 'catkin_skip_building_tests' from command line to 'False'
[2.377s] DEBUG:colcon.colcon_core.verb:Building package 'f1tenth_strategy_node' with the following arguments: {'ament_cmake_args': None, 'build_base': '/home/f1tenth/Desktop/project/build/f1tenth_strategy_node', 'catkin_cmake_args': None, 'catkin_skip_building_tests': False, 'cmake_args': None, 'cmake_clean_cache': False, 'cmake_clean_first': False, 'cmake_force_configure': False, 'cmake_target': None, 'cmake_target_skip_unavailable': False, 'install_base': '/home/f1tenth/Desktop/project/install/f1tenth_strategy_node', 'merge_install': False, 'path': '/home/f1tenth/Desktop/project/src/f1tenth_strategy_node', 'symlink_install': True, 'test_result_base': None}
[2.379s] INFO:colcon.colcon_core.executor:Executing jobs using 'parallel' executor
[2.388s] DEBUG:colcon.colcon_parallel_executor.executor.parallel:run_until_complete
[2.389s] INFO:colcon.colcon_ros.task.ament_python.build:Building ROS package in '/home/f1tenth/Desktop/project/src/f1tenth_strategy_node' with build type 'ament_python'
[2.390s] Level 1:colcon.colcon_core.shell:create_environment_hook('f1tenth_strategy_node', 'ament_prefix_path')
[2.463s] INFO:colcon.colcon_core.plugin_system:Skipping extension 'colcon_core.shell.bat': Not used on non-Windows systems
[2.465s] INFO:colcon.colcon_core.shell:Creating environment hook '/home/f1tenth/Desktop/project/install/f1tenth_strategy_node/share/f1tenth_strategy_node/hook/ament_prefix_path.ps1'
[2.498s] INFO:colcon.colcon_core.shell:Creating environment descriptor '/home/f1tenth/Desktop/project/install/f1tenth_strategy_node/share/f1tenth_strategy_node/hook/ament_prefix_path.dsv'
[2.517s] INFO:colcon.colcon_core.shell:Creating environment hook '/home/f1tenth/Desktop/project/install/f1tenth_strategy_node/share/f1tenth_strategy_node/hook/ament_prefix_path.sh'
[2.559s] INFO:colcon.colcon_core.shell:Skip shell extension 'powershell' for command environment: Not usable outside of PowerShell
[2.559s] DEBUG:colcon.colcon_core.shell:Skip shell extension 'dsv' for command environment
[4.024s] INFO:colcon.colcon_core.task.python.build:Building Python package in '/home/f1tenth/Desktop/project/src/f1tenth_strategy_node'
[4.025s] INFO:colcon.colcon_core.shell:Skip shell extension 'powershell' for command environment: Not usable outside of PowerShell
[4.031s] DEBUG:colcon.colcon_core.shell:Skip shell extension 'dsv' for command environment
[7.959s] DEBUG:colcon.colcon_core.event_handler.log_command:Invoking command in '/home/f1tenth/Desktop/project/build/f1tenth_strategy_node': PYTHONPATH=/home/f1tenth/Desktop/project/build/f1tenth_strategy_node/prefix_override:/home/f1tenth/Desktop/project/install/f1tenth_strategy_node/lib/python3.8/site-packages:${PYTHONPATH} /usr/bin/python3 setup.py develop --editable --build-directory /home/f1tenth/Desktop/project/build/f1tenth_strategy_node/build --no-deps install_data
[11.792s] Level 1:colcon.colcon_core.shell:create_environment_hook('f1tenth_strategy_node', 'pythonpath_develop')
[11.801s] INFO:colcon.colcon_core.shell:Creating environment hook '/home/f1tenth/Desktop/project/build/f1tenth_strategy_node/share/f1tenth_strategy_node/hook/pythonpath_develop.ps1'
[11.794s] DEBUG:colcon.colcon_core.event_handler.log_command:Invoked command in '/home/f1tenth/Desktop/project/build/f1tenth_strategy_node' returned '0': PYTHONPATH=/home/f1tenth/Desktop/project/build/f1tenth_strategy_node/prefix_override:/home/f1tenth/Desktop/project/install/f1tenth_strategy_node/lib/python3.8/site-packages:${PYTHONPATH} /usr/bin/python3 setup.py develop --editable --build-directory /home/f1tenth/Desktop/project/build/f1tenth_strategy_node/build --no-deps install_data
[11.808s] INFO:colcon.colcon_core.shell:Creating environment descriptor '/home/f1tenth/Desktop/project/build/f1tenth_strategy_node/share/f1tenth_strategy_node/hook/pythonpath_develop.dsv'
[11.810s] INFO:colcon.colcon_core.shell:Creating environment hook '/home/f1tenth/Desktop/project/build/f1tenth_strategy_node/share/f1tenth_strategy_node/hook/pythonpath_develop.sh'
[11.997s] Level 1:colcon.colcon_core.environment:checking '/home/f1tenth/Desktop/project/install/f1tenth_strategy_node' for CMake module files
[11.999s] Level 1:colcon.colcon_core.environment:checking '/home/f1tenth/Desktop/project/install/f1tenth_strategy_node' for CMake config files
[12.006s] Level 1:colcon.colcon_core.environment:checking '/home/f1tenth/Desktop/project/install/f1tenth_strategy_node/lib'
[12.008s] Level 1:colcon.colcon_core.environment:checking '/home/f1tenth/Desktop/project/install/f1tenth_strategy_node/bin'
[12.008s] Level 1:colcon.colcon_core.environment:checking '/home/f1tenth/Desktop/project/install/f1tenth_strategy_node/lib/pkgconfig/f1tenth_strategy_node.pc'
[12.009s] Level 1:colcon.colcon_core.environment:checking '/home/f1tenth/Desktop/project/install/f1tenth_strategy_node/lib/python3.8/site-packages'
[12.010s] Level 1:colcon.colcon_core.shell:create_environment_hook('f1tenth_strategy_node', 'pythonpath')
[12.022s] INFO:colcon.colcon_core.shell:Creating environment hook '/home/f1tenth/Desktop/project/install/f1tenth_strategy_node/share/f1tenth_strategy_node/hook/pythonpath.ps1'
[12.025s] INFO:colcon.colcon_core.shell:Creating environment descriptor '/home/f1tenth/Desktop/project/install/f1tenth_strategy_node/share/f1tenth_strategy_node/hook/pythonpath.dsv'
[12.029s] INFO:colcon.colcon_core.shell:Creating environment hook '/home/f1tenth/Desktop/project/install/f1tenth_strategy_node/share/f1tenth_strategy_node/hook/pythonpath.sh'
[12.038s] Level 1:colcon.colcon_core.environment:checking '/home/f1tenth/Desktop/project/install/f1tenth_strategy_node/bin'
[12.038s] Level 1:colcon.colcon_core.environment:create_environment_scripts_only(f1tenth_strategy_node)
[12.053s] INFO:colcon.colcon_core.shell:Creating package script '/home/f1tenth/Desktop/project/install/f1tenth_strategy_node/share/f1tenth_strategy_node/package.ps1'
[12.096s] INFO:colcon.colcon_core.shell:Creating package descriptor '/home/f1tenth/Desktop/project/install/f1tenth_strategy_node/share/f1tenth_strategy_node/package.dsv'
[12.131s] INFO:colcon.colcon_core.shell:Creating package script '/home/f1tenth/Desktop/project/install/f1tenth_strategy_node/share/f1tenth_strategy_node/package.sh'
[12.147s] INFO:colcon.colcon_core.shell:Creating package script '/home/f1tenth/Desktop/project/install/f1tenth_strategy_node/share/f1tenth_strategy_node/package.bash'
[12.159s] INFO:colcon.colcon_core.shell:Creating package script '/home/f1tenth/Desktop/project/install/f1tenth_strategy_node/share/f1tenth_strategy_node/package.zsh'
[12.206s] Level 1:colcon.colcon_core.environment:create_file_with_runtime_dependencies(/home/f1tenth/Desktop/project/install/f1tenth_strategy_node/share/colcon-core/packages/f1tenth_strategy_node)
[12.213s] DEBUG:colcon.colcon_parallel_executor.executor.parallel:closing loop
[12.215s] DEBUG:colcon.colcon_parallel_executor.executor.parallel:loop closed
[12.216s] DEBUG:colcon.colcon_parallel_executor.executor.parallel:run_until_complete finished with '0'
[12.216s] DEBUG:colcon.colcon_core.event_reactor:joining thread
[12.311s] INFO:colcon.colcon_core.plugin_system:Skipping extension 'colcon_notification.desktop_notification.terminal_notifier': Not used on non-Darwin systems
[12.311s] INFO:colcon.colcon_core.plugin_system:Skipping extension 'colcon_notification.desktop_notification.win32': Not used on non-Windows systems
[12.312s] INFO:colcon.colcon_notification.desktop_notification:Sending desktop notification using 'notify2'
[12.601s] DEBUG:colcon.colcon_core.event_reactor:joined thread
[12.606s] INFO:colcon.colcon_core.shell:Creating prefix script '/home/f1tenth/Desktop/project/install/local_setup.ps1'
[12.618s] INFO:colcon.colcon_core.shell:Creating prefix util module '/home/f1tenth/Desktop/project/install/_local_setup_util_ps1.py'
[12.627s] INFO:colcon.colcon_core.shell:Creating prefix chain script '/home/f1tenth/Desktop/project/install/setup.ps1'
[12.637s] INFO:colcon.colcon_core.shell:Creating prefix script '/home/f1tenth/Desktop/project/install/local_setup.sh'
[12.642s] INFO:colcon.colcon_core.shell:Creating prefix util module '/home/f1tenth/Desktop/project/install/_local_setup_util_sh.py'
[12.647s] INFO:colcon.colcon_core.shell:Creating prefix chain script '/home/f1tenth/Desktop/project/install/setup.sh'
[12.651s] INFO:colcon.colcon_core.shell:Creating prefix script '/home/f1tenth/Desktop/project/install/local_setup.bash'
[12.656s] INFO:colcon.colcon_core.shell:Creating prefix chain script '/home/f1tenth/Desktop/project/install/setup.bash'
[12.672s] INFO:colcon.colcon_core.shell:Creating prefix script '/home/f1tenth/Desktop/project/install/local_setup.zsh'
[12.679s] INFO:colcon.colcon_core.shell:Creating prefix chain script '/home/f1tenth/Desktop/project/install/setup.zsh'
